[debug] [2025-03-10T11:10:32.147Z] ----------------------------------------------------------------------
[debug] [2025-03-10T11:10:32.149Z] Command:       /Users/shiiny_y/.nvm/versions/node/v22.14.0/bin/node /Users/shiiny_y/.nvm/versions/node/v22.14.0/bin/firebase deploy
[debug] [2025-03-10T11:10:32.149Z] CLI Version:   13.33.0
[debug] [2025-03-10T11:10:32.149Z] Platform:      darwin
[debug] [2025-03-10T11:10:32.149Z] Node Version:  v22.14.0
[debug] [2025-03-10T11:10:32.149Z] Time:          Mon Mar 10 2025 22:10:32 GMT+1100 (Australian Eastern Daylight Time)
[debug] [2025-03-10T11:10:32.149Z] ----------------------------------------------------------------------
[debug] 
[debug] [2025-03-10T11:10:32.248Z] > command requires scopes: ["email","openid","https://www.googleapis.com/auth/cloudplatformprojects.readonly","https://www.googleapis.com/auth/firebase","https://www.googleapis.com/auth/cloud-platform"]
[debug] [2025-03-10T11:10:32.248Z] > authorizing via signed-in user (shidofuyukj@gmail.com)
[debug] [2025-03-10T11:10:32.248Z] [iam] checking project portfolio-3fd9d for permissions ["cloudsql.databases.create","cloudsql.databases.update","cloudsql.instances.connect","cloudsql.instances.create","cloudsql.instances.get","cloudsql.instances.list","cloudsql.instances.update","cloudsql.users.create","firebase.projects.get","firebasedataconnect.connectors.create","firebasedataconnect.connectors.delete","firebasedataconnect.connectors.list","firebasedataconnect.connectors.update","firebasedataconnect.operations.get","firebasedataconnect.schemas.create","firebasedataconnect.schemas.delete","firebasedataconnect.schemas.list","firebasedataconnect.schemas.update","firebasedataconnect.services.create","firebasedataconnect.services.delete","firebasedataconnect.services.list","firebasedataconnect.services.update","firebasehosting.sites.update"]
[debug] [2025-03-10T11:10:32.249Z] Checked if tokens are valid: true, expires at: 1741606983816
[debug] [2025-03-10T11:10:32.249Z] Checked if tokens are valid: true, expires at: 1741606983816
[debug] [2025-03-10T11:10:32.249Z] >>> [apiv2][query] POST https://cloudresourcemanager.googleapis.com/v1/projects/portfolio-3fd9d:testIamPermissions [none]
[debug] [2025-03-10T11:10:32.249Z] >>> [apiv2][(partial)header] POST https://cloudresourcemanager.googleapis.com/v1/projects/portfolio-3fd9d:testIamPermissions x-goog-quota-user=projects/portfolio-3fd9d
[debug] [2025-03-10T11:10:32.249Z] >>> [apiv2][body] POST https://cloudresourcemanager.googleapis.com/v1/projects/portfolio-3fd9d:testIamPermissions {"permissions":["cloudsql.databases.create","cloudsql.databases.update","cloudsql.instances.connect","cloudsql.instances.create","cloudsql.instances.get","cloudsql.instances.list","cloudsql.instances.update","cloudsql.users.create","firebase.projects.get","firebasedataconnect.connectors.create","firebasedataconnect.connectors.delete","firebasedataconnect.connectors.list","firebasedataconnect.connectors.update","firebasedataconnect.operations.get","firebasedataconnect.schemas.create","firebasedataconnect.schemas.delete","firebasedataconnect.schemas.list","firebasedataconnect.schemas.update","firebasedataconnect.services.create","firebasedataconnect.services.delete","firebasedataconnect.services.list","firebasedataconnect.services.update","firebasehosting.sites.update"]}
[debug] [2025-03-10T11:10:33.452Z] <<< [apiv2][status] POST https://cloudresourcemanager.googleapis.com/v1/projects/portfolio-3fd9d:testIamPermissions 200
[debug] [2025-03-10T11:10:33.452Z] <<< [apiv2][body] POST https://cloudresourcemanager.googleapis.com/v1/projects/portfolio-3fd9d:testIamPermissions {"permissions":["cloudsql.databases.create","cloudsql.databases.update","cloudsql.instances.connect","cloudsql.instances.create","cloudsql.instances.get","cloudsql.instances.list","cloudsql.instances.update","cloudsql.users.create","firebase.projects.get","firebasedataconnect.connectors.create","firebasedataconnect.connectors.delete","firebasedataconnect.connectors.list","firebasedataconnect.connectors.update","firebasedataconnect.operations.get","firebasedataconnect.schemas.create","firebasedataconnect.schemas.delete","firebasedataconnect.schemas.list","firebasedataconnect.schemas.update","firebasedataconnect.services.create","firebasedataconnect.services.delete","firebasedataconnect.services.list","firebasedataconnect.services.update","firebasehosting.sites.update"]}
[debug] [2025-03-10T11:10:33.453Z] Checked if tokens are valid: true, expires at: 1741606983816
[debug] [2025-03-10T11:10:33.453Z] Checked if tokens are valid: true, expires at: 1741606983816
[debug] [2025-03-10T11:10:33.453Z] >>> [apiv2][query] GET https://firebase.googleapis.com/v1beta1/projects/portfolio-3fd9d [none]
[debug] [2025-03-10T11:10:34.162Z] <<< [apiv2][status] GET https://firebase.googleapis.com/v1beta1/projects/portfolio-3fd9d 200
[debug] [2025-03-10T11:10:34.162Z] <<< [apiv2][body] GET https://firebase.googleapis.com/v1beta1/projects/portfolio-3fd9d {"projectId":"portfolio-3fd9d","projectNumber":"992795801018","displayName":"portfolio","name":"projects/portfolio-3fd9d","resources":{"hostingSite":"portfolio-3fd9d"},"state":"ACTIVE","etag":"1_1267e1fe-c4ea-4f2f-90df-5f4f521f3dab"}
[info] 
[info] === Deploying to 'portfolio-3fd9d'...
[info] 
[info] i  deploying hosting, dataconnect 
[debug] [2025-03-10T11:10:34.167Z] Checked if tokens are valid: true, expires at: 1741606983816
[debug] [2025-03-10T11:10:34.167Z] Checked if tokens are valid: true, expires at: 1741606983816
[debug] [2025-03-10T11:10:34.167Z] >>> [apiv2][query] POST https://firebasehosting.googleapis.com/v1beta1/projects/-/sites/portfolio-3fd9d/versions [none]
[debug] [2025-03-10T11:10:34.167Z] >>> [apiv2][body] POST https://firebasehosting.googleapis.com/v1beta1/projects/-/sites/portfolio-3fd9d/versions {"status":"CREATED","labels":{"deployment-tool":"cli-firebase"}}
[debug] [2025-03-10T11:10:35.615Z] <<< [apiv2][status] POST https://firebasehosting.googleapis.com/v1beta1/projects/-/sites/portfolio-3fd9d/versions 200
[debug] [2025-03-10T11:10:35.616Z] <<< [apiv2][body] POST https://firebasehosting.googleapis.com/v1beta1/projects/-/sites/portfolio-3fd9d/versions {"name":"projects/992795801018/sites/portfolio-3fd9d/versions/aaf9487b91d938f0","status":"CREATED","config":{},"labels":{"deployment-tool":"cli-firebase"}}
[debug] [2025-03-10T11:10:35.616Z] Checked if tokens are valid: true, expires at: 1741606983816
[debug] [2025-03-10T11:10:35.616Z] Checked if tokens are valid: true, expires at: 1741606983816
[debug] [2025-03-10T11:10:35.617Z] >>> [apiv2][query] GET https://cloudbilling.googleapis.com/v1/projects/portfolio-3fd9d/billingInfo [none]
[debug] [2025-03-10T11:10:36.095Z] <<< [apiv2][status] GET https://cloudbilling.googleapis.com/v1/projects/portfolio-3fd9d/billingInfo 200
[debug] [2025-03-10T11:10:36.095Z] <<< [apiv2][body] GET https://cloudbilling.googleapis.com/v1/projects/portfolio-3fd9d/billingInfo {"name":"projects/portfolio-3fd9d/billingInfo","projectId":"portfolio-3fd9d","billingAccountName":"billingAccounts/0113F5-FBA81A-EEB61D","billingEnabled":true}
[info] i  dataconnect: ensuring required API firebasedataconnect.googleapis.com is enabled... 
[debug] [2025-03-10T11:10:36.097Z] Checked if tokens are valid: true, expires at: 1741606983816
[debug] [2025-03-10T11:10:36.097Z] Checked if tokens are valid: true, expires at: 1741606983816
[debug] [2025-03-10T11:10:36.097Z] >>> [apiv2][query] GET https://serviceusage.googleapis.com/v1/projects/portfolio-3fd9d/services/firebasedataconnect.googleapis.com [none]
[debug] [2025-03-10T11:10:36.097Z] >>> [apiv2][(partial)header] GET https://serviceusage.googleapis.com/v1/projects/portfolio-3fd9d/services/firebasedataconnect.googleapis.com x-goog-quota-user=projects/portfolio-3fd9d
[debug] [2025-03-10T11:10:37.647Z] <<< [apiv2][status] GET https://serviceusage.googleapis.com/v1/projects/portfolio-3fd9d/services/firebasedataconnect.googleapis.com 200
[debug] [2025-03-10T11:10:37.647Z] <<< [apiv2][body] GET https://serviceusage.googleapis.com/v1/projects/portfolio-3fd9d/services/firebasedataconnect.googleapis.com [omitted]
[warn] ⚠  dataconnect: missing required API firebasedataconnect.googleapis.com. Enabling now... 
[debug] [2025-03-10T11:10:37.649Z] Checked if tokens are valid: true, expires at: 1741606983816
[debug] [2025-03-10T11:10:37.649Z] Checked if tokens are valid: true, expires at: 1741606983816
[debug] [2025-03-10T11:10:37.650Z] >>> [apiv2][query] POST https://serviceusage.googleapis.com/v1/projects/portfolio-3fd9d/services/firebasedataconnect.googleapis.com:enable [none]
[debug] [2025-03-10T11:10:37.650Z] >>> [apiv2][(partial)header] POST https://serviceusage.googleapis.com/v1/projects/portfolio-3fd9d/services/firebasedataconnect.googleapis.com:enable x-goog-quota-user=projects/portfolio-3fd9d
[debug] [2025-03-10T11:10:39.078Z] <<< [apiv2][status] POST https://serviceusage.googleapis.com/v1/projects/portfolio-3fd9d/services/firebasedataconnect.googleapis.com:enable 200
[debug] [2025-03-10T11:10:39.079Z] <<< [apiv2][body] POST https://serviceusage.googleapis.com/v1/projects/portfolio-3fd9d/services/firebasedataconnect.googleapis.com:enable [omitted]
[debug] [2025-03-10T11:10:49.084Z] Checked if tokens are valid: true, expires at: 1741606983816
[debug] [2025-03-10T11:10:49.084Z] Checked if tokens are valid: true, expires at: 1741606983816
[debug] [2025-03-10T11:10:49.085Z] >>> [apiv2][query] GET https://serviceusage.googleapis.com/v1/projects/portfolio-3fd9d/services/firebasedataconnect.googleapis.com [none]
[debug] [2025-03-10T11:10:49.085Z] >>> [apiv2][(partial)header] GET https://serviceusage.googleapis.com/v1/projects/portfolio-3fd9d/services/firebasedataconnect.googleapis.com x-goog-quota-user=projects/portfolio-3fd9d
[debug] [2025-03-10T11:10:50.403Z] <<< [apiv2][status] GET https://serviceusage.googleapis.com/v1/projects/portfolio-3fd9d/services/firebasedataconnect.googleapis.com 200
[debug] [2025-03-10T11:10:50.403Z] <<< [apiv2][body] GET https://serviceusage.googleapis.com/v1/projects/portfolio-3fd9d/services/firebasedataconnect.googleapis.com [omitted]
[info] ✔  dataconnect: required API firebasedataconnect.googleapis.com is enabled 
[info] i  dataconnect: ensuring required API sqladmin.googleapis.com is enabled... 
[debug] [2025-03-10T11:10:50.410Z] Checked if tokens are valid: true, expires at: 1741606983816
[debug] [2025-03-10T11:10:50.410Z] Checked if tokens are valid: true, expires at: 1741606983816
[debug] [2025-03-10T11:10:50.410Z] >>> [apiv2][query] GET https://serviceusage.googleapis.com/v1/projects/portfolio-3fd9d/services/sqladmin.googleapis.com [none]
[debug] [2025-03-10T11:10:50.410Z] >>> [apiv2][(partial)header] GET https://serviceusage.googleapis.com/v1/projects/portfolio-3fd9d/services/sqladmin.googleapis.com x-goog-quota-user=projects/portfolio-3fd9d
[debug] [2025-03-10T11:10:50.775Z] <<< [apiv2][status] GET https://serviceusage.googleapis.com/v1/projects/portfolio-3fd9d/services/sqladmin.googleapis.com 200
[debug] [2025-03-10T11:10:50.776Z] <<< [apiv2][body] GET https://serviceusage.googleapis.com/v1/projects/portfolio-3fd9d/services/sqladmin.googleapis.com [omitted]
[info] ✔  dataconnect: required API sqladmin.googleapis.com is enabled 
[info] i  dataconnect: ensuring required API compute.googleapis.com is enabled... 
[debug] [2025-03-10T11:10:50.776Z] Checked if tokens are valid: true, expires at: 1741606983816
[debug] [2025-03-10T11:10:50.776Z] Checked if tokens are valid: true, expires at: 1741606983816
[debug] [2025-03-10T11:10:50.776Z] >>> [apiv2][query] GET https://serviceusage.googleapis.com/v1/projects/portfolio-3fd9d/services/compute.googleapis.com [none]
[debug] [2025-03-10T11:10:50.776Z] >>> [apiv2][(partial)header] GET https://serviceusage.googleapis.com/v1/projects/portfolio-3fd9d/services/compute.googleapis.com x-goog-quota-user=projects/portfolio-3fd9d
[debug] [2025-03-10T11:10:52.317Z] <<< [apiv2][status] GET https://serviceusage.googleapis.com/v1/projects/portfolio-3fd9d/services/compute.googleapis.com 200
[debug] [2025-03-10T11:10:52.317Z] <<< [apiv2][body] GET https://serviceusage.googleapis.com/v1/projects/portfolio-3fd9d/services/compute.googleapis.com [omitted]
[warn] ⚠  dataconnect: missing required API compute.googleapis.com. Enabling now... 
[debug] [2025-03-10T11:10:52.318Z] Checked if tokens are valid: true, expires at: 1741606983816
[debug] [2025-03-10T11:10:52.318Z] Checked if tokens are valid: true, expires at: 1741606983816
[debug] [2025-03-10T11:10:52.318Z] >>> [apiv2][query] POST https://serviceusage.googleapis.com/v1/projects/portfolio-3fd9d/services/compute.googleapis.com:enable [none]
[debug] [2025-03-10T11:10:52.318Z] >>> [apiv2][(partial)header] POST https://serviceusage.googleapis.com/v1/projects/portfolio-3fd9d/services/compute.googleapis.com:enable x-goog-quota-user=projects/portfolio-3fd9d
[debug] [2025-03-10T11:10:53.148Z] <<< [apiv2][status] POST https://serviceusage.googleapis.com/v1/projects/portfolio-3fd9d/services/compute.googleapis.com:enable 200
[debug] [2025-03-10T11:10:53.148Z] <<< [apiv2][body] POST https://serviceusage.googleapis.com/v1/projects/portfolio-3fd9d/services/compute.googleapis.com:enable [omitted]
[debug] [2025-03-10T11:11:03.150Z] Checked if tokens are valid: true, expires at: 1741606983816
[debug] [2025-03-10T11:11:03.150Z] Checked if tokens are valid: true, expires at: 1741606983816
[debug] [2025-03-10T11:11:03.150Z] >>> [apiv2][query] GET https://serviceusage.googleapis.com/v1/projects/portfolio-3fd9d/services/compute.googleapis.com [none]
[debug] [2025-03-10T11:11:03.150Z] >>> [apiv2][(partial)header] GET https://serviceusage.googleapis.com/v1/projects/portfolio-3fd9d/services/compute.googleapis.com x-goog-quota-user=projects/portfolio-3fd9d
[debug] [2025-03-10T11:11:04.862Z] <<< [apiv2][status] GET https://serviceusage.googleapis.com/v1/projects/portfolio-3fd9d/services/compute.googleapis.com 200
[debug] [2025-03-10T11:11:04.862Z] <<< [apiv2][body] GET https://serviceusage.googleapis.com/v1/projects/portfolio-3fd9d/services/compute.googleapis.com [omitted]
[info] i  dataconnect: waiting for API compute.googleapis.com to activate... 
[debug] [2025-03-10T11:11:14.867Z] Checked if tokens are valid: true, expires at: 1741606983816
[debug] [2025-03-10T11:11:14.870Z] Checked if tokens are valid: true, expires at: 1741606983816
[debug] [2025-03-10T11:11:14.870Z] >>> [apiv2][query] GET https://serviceusage.googleapis.com/v1/projects/portfolio-3fd9d/services/compute.googleapis.com [none]
[debug] [2025-03-10T11:11:14.870Z] >>> [apiv2][(partial)header] GET https://serviceusage.googleapis.com/v1/projects/portfolio-3fd9d/services/compute.googleapis.com x-goog-quota-user=projects/portfolio-3fd9d
[debug] [2025-03-10T11:11:15.732Z] <<< [apiv2][status] GET https://serviceusage.googleapis.com/v1/projects/portfolio-3fd9d/services/compute.googleapis.com 200
[debug] [2025-03-10T11:11:15.733Z] <<< [apiv2][body] GET https://serviceusage.googleapis.com/v1/projects/portfolio-3fd9d/services/compute.googleapis.com [omitted]
[info] i  dataconnect: waiting for API compute.googleapis.com to activate... 
[debug] [2025-03-10T11:11:25.735Z] Checked if tokens are valid: true, expires at: 1741606983816
[debug] [2025-03-10T11:11:25.736Z] Checked if tokens are valid: true, expires at: 1741606983816
[debug] [2025-03-10T11:11:25.736Z] >>> [apiv2][query] GET https://serviceusage.googleapis.com/v1/projects/portfolio-3fd9d/services/compute.googleapis.com [none]
[debug] [2025-03-10T11:11:25.736Z] >>> [apiv2][(partial)header] GET https://serviceusage.googleapis.com/v1/projects/portfolio-3fd9d/services/compute.googleapis.com x-goog-quota-user=projects/portfolio-3fd9d
[debug] [2025-03-10T11:11:26.637Z] <<< [apiv2][status] GET https://serviceusage.googleapis.com/v1/projects/portfolio-3fd9d/services/compute.googleapis.com 200
[debug] [2025-03-10T11:11:26.637Z] <<< [apiv2][body] GET https://serviceusage.googleapis.com/v1/projects/portfolio-3fd9d/services/compute.googleapis.com [omitted]
[info] i  dataconnect: waiting for API compute.googleapis.com to activate... 
[debug] [2025-03-10T11:11:36.640Z] Checked if tokens are valid: true, expires at: 1741606983816
[debug] [2025-03-10T11:11:36.641Z] Checked if tokens are valid: true, expires at: 1741606983816
[debug] [2025-03-10T11:11:36.641Z] >>> [apiv2][query] GET https://serviceusage.googleapis.com/v1/projects/portfolio-3fd9d/services/compute.googleapis.com [none]
[debug] [2025-03-10T11:11:36.641Z] >>> [apiv2][(partial)header] GET https://serviceusage.googleapis.com/v1/projects/portfolio-3fd9d/services/compute.googleapis.com x-goog-quota-user=projects/portfolio-3fd9d
[debug] [2025-03-10T11:11:37.468Z] <<< [apiv2][status] GET https://serviceusage.googleapis.com/v1/projects/portfolio-3fd9d/services/compute.googleapis.com 200
[debug] [2025-03-10T11:11:37.468Z] <<< [apiv2][body] GET https://serviceusage.googleapis.com/v1/projects/portfolio-3fd9d/services/compute.googleapis.com [omitted]
[info] i  dataconnect: waiting for API compute.googleapis.com to activate... 
[debug] [2025-03-10T11:11:47.472Z] Checked if tokens are valid: true, expires at: 1741606983816
[debug] [2025-03-10T11:11:47.472Z] Checked if tokens are valid: true, expires at: 1741606983816
[debug] [2025-03-10T11:11:47.473Z] >>> [apiv2][query] GET https://serviceusage.googleapis.com/v1/projects/portfolio-3fd9d/services/compute.googleapis.com [none]
[debug] [2025-03-10T11:11:47.473Z] >>> [apiv2][(partial)header] GET https://serviceusage.googleapis.com/v1/projects/portfolio-3fd9d/services/compute.googleapis.com x-goog-quota-user=projects/portfolio-3fd9d
[debug] [2025-03-10T11:11:49.354Z] <<< [apiv2][status] GET https://serviceusage.googleapis.com/v1/projects/portfolio-3fd9d/services/compute.googleapis.com 200
[debug] [2025-03-10T11:11:49.354Z] <<< [apiv2][body] GET https://serviceusage.googleapis.com/v1/projects/portfolio-3fd9d/services/compute.googleapis.com [omitted]
[info] i  dataconnect: waiting for API compute.googleapis.com to activate... 
[debug] [2025-03-10T11:11:59.357Z] Checked if tokens are valid: true, expires at: 1741606983816
[debug] [2025-03-10T11:11:59.358Z] Checked if tokens are valid: true, expires at: 1741606983816
[debug] [2025-03-10T11:11:59.358Z] >>> [apiv2][query] GET https://serviceusage.googleapis.com/v1/projects/portfolio-3fd9d/services/compute.googleapis.com [none]
[debug] [2025-03-10T11:11:59.358Z] >>> [apiv2][(partial)header] GET https://serviceusage.googleapis.com/v1/projects/portfolio-3fd9d/services/compute.googleapis.com x-goog-quota-user=projects/portfolio-3fd9d
[debug] [2025-03-10T11:12:01.061Z] <<< [apiv2][status] GET https://serviceusage.googleapis.com/v1/projects/portfolio-3fd9d/services/compute.googleapis.com 200
[debug] [2025-03-10T11:12:01.061Z] <<< [apiv2][body] GET https://serviceusage.googleapis.com/v1/projects/portfolio-3fd9d/services/compute.googleapis.com [omitted]
[info] ✔  dataconnect: required API compute.googleapis.com is enabled 
[debug] [2025-03-10T11:12:01.066Z] Checked if tokens are valid: true, expires at: 1741606983816
[debug] [2025-03-10T11:12:01.067Z] Checked if tokens are valid: true, expires at: 1741606983816
[debug] [2025-03-10T11:12:01.067Z] >>> [apiv2][query] GET https://mobilesdk-pa.googleapis.com/v1/accessmanagement/tos:getStatus [none]
[debug] [2025-03-10T11:12:01.822Z] <<< [apiv2][status] GET https://mobilesdk-pa.googleapis.com/v1/accessmanagement/tos:getStatus 200
[debug] [2025-03-10T11:12:01.823Z] <<< [apiv2][body] GET https://mobilesdk-pa.googleapis.com/v1/accessmanagement/tos:getStatus {"overallStatus":"ACCEPTED","uTosStatus":{"tos":{"id":"firebase","tosId":"FIREBASE_UNIVERSAL"},"status":"ACCEPTED"},"childTosStatus":[{"tos":{"id":"cloud","tosId":"CLOUD_PLATFORM"},"status":"ACCEPTED"},{"tos":{"id":"firebase_b2b","tosId":"FIREBASE_B2B"},"status":"ACCEPTED"},{"tos":{"id":"universal","tosId":"GOOGLE_APIS"},"status":"ACCEPTED"}],"termsUrl":"https://firebase.google.com/terms","perServiceStatus":[{"tosId":"APP_CHECK","serviceStatus":{"tos":{"id":"app_check","tosId":"APP_CHECK"},"status":"ACCEPTED"}},{"tosId":"APP_HOSTING_TOS","serviceStatus":{"tos":{"id":"app_hosting","tosId":"APP_HOSTING_TOS"},"status":"ACCEPTED"}},{"tosId":"FIREBASE_DATA_CONNECT","serviceStatus":{"tos":{"id":"data_connect","tosId":"FIREBASE_DATA_CONNECT"},"status":"ACCEPTED"}},{"tosId":"CORE_APPS","serviceStatus":{"tos":{"id":"core_apps","tosId":"CORE_APPS"},"status":"ACCEPTED"}},{"tosId":"VERTEX_AI_IN_FIREBASE","serviceStatus":{"tos":{"id":"vertex_ai_in_firebase","tosId":"VERTEX_AI_IN_FIREBASE"},"status":"ACCEPTED"}},{"tosId":"FIREBASE_CRASHLYTICS_APP_DISTRIBUTION","serviceStatus":{"tos":{"id":"firebase_crashlytics_app_distribution","tosId":"FIREBASE_CRASHLYTICS_APP_DISTRIBUTION"},"status":"ACCEPTED"}},{"tosId":"GENERATIVE_LANGUAGE","serviceStatus":{"tos":{"id":"generative-language-api","tosId":"GENERATIVE_LANGUAGE"},"status":"NEVER_ACCEPTED"}}]}
[info] i  dataconnect: Preparing to deploy 
[debug] [2025-03-10T11:12:02.984Z] I0310 22:12:02.978619   10126 control.go:59] [/emulator/portfolio e976] UpdateResources(): done
Schema: sources: schema/schema.gql [2088B] 
Connector "default": sources: connector/mutations.gql [1233B] connector/queries.gql [1802B] 
 {"metadata":{"emulator":{"name":"dataconnect"},"message":"I0310 22:12:02.978619   10126 control.go:59] [/emulator/portfolio e976] UpdateResources(): done\nSchema: sources: schema/schema.gql [2088B] \nConnector \"default\": sources: connector/mutations.gql [1233B] connector/queries.gql [1802B] \n"}}
[info] i  dataconnect: Successfully prepared schema and connectors 
[debug] [2025-03-10T11:12:02.984Z] {
  "serviceInfos": [
    {
      "serviceName": "projects/portfolio-3fd9d/locations/us-central1/services/portfolio",
      "sourceDirectory": "/Users/shiiny_y/Documents/Projects/Portfolio/portfolio/dataconnect",
      "schema": {
        "name": "projects/portfolio-3fd9d/locations/us-central1/services/portfolio/schemas/main",
        "datasources": [
          {
            "postgresql": {
              "database": "fdcdb",
              "cloudSql": {
                "instance": "projects/portfolio-3fd9d/locations/us-central1/instances/portfolio-fdc"
              }
            }
          }
        ],
        "source": {
          "files": [
            {
              "path": "schema.gql",
              "content": "# # Example schema for simple movie review app\n\n# # User table is keyed by Firebase Auth UID.\n# type User @table {\n#   # `@default(expr: \"auth.uid\")` sets it to Firebase Auth UID during insert and upsert.\n#   id: String! @default(expr: \"auth.uid\")\n#   username: String! @col(dataType: \"varchar(50)\")\n#   # The `user: User!` field in the Review table generates the following one-to-many query field.\n#   #  reviews_on_user: [Review!]!\n#   # The `Review` join table the following many-to-many query field.\n#   #  movies_via_Review: [Movie!]!\n# }\n\n# # Movie is keyed by a randomly generated UUID.\n# type Movie @table {\n#   # If you do not pass a 'key' to `@table`, Data Connect automatically adds the following 'id' column.\n#   # Feel free to uncomment and customize it.\n#   #  id: UUID! @default(expr: \"uuidV4()\")\n#   title: String!\n#   imageUrl: String!\n#   genre: String\n# }\n\n# # MovieMetadata is a metadata attached to a Movie.\n# # Movie <-> MovieMetadata is a one-to-one relationship\n# type MovieMetadata @table {\n#   # @unique ensures each Movie can only one MovieMetadata.\n#   movie: Movie! @unique\n#   # The movie field adds the following foreign key field. Feel free to uncomment and customize it.\n#   #  movieId: UUID!\n#   rating: Float\n#   releaseYear: Int\n#   description: String\n# }\n\n# # Reviews is a join table between User and Movie.\n# # It has a composite primary keys `userUid` and `movieId`.\n# # A user can leave reviews for many movies. A movie can have reviews from many users.\n# # User  <-> Review is a one-to-many relationship\n# # Movie <-> Review is a one-to-many relationship\n# # Movie <-> User is a many-to-many relationship\n# type Review @table(name: \"Reviews\", key: [\"movie\", \"user\"]) {\n#   user: User!\n#   # The user field adds the following foreign key field. Feel free to uncomment and customize it.\n#   #  userUid: String!\n#   movie: Movie!\n#   # The movie field adds the following foreign key field. Feel free to uncomment and customize it.\n#   #  movieId: UUID!\n#   rating: Int\n#   reviewText: String\n#   reviewDate: Date! @default(expr: \"request.time\")\n# }\n"
            }
          ]
        }
      },
      "dataConnectYaml": {
        "specVersion": "v1beta",
        "serviceId": "portfolio",
        "location": "us-central1",
        "schema": {
          "source": "./schema",
          "datasource": {
            "postgresql": {
              "database": "fdcdb",
              "cloudSql": {
                "instanceId": "portfolio-fdc"
              }
            }
          }
        },
        "connectorDirs": [
          "./connector"
        ]
      },
      "connectorInfo": [
        {
          "directory": "/Users/shiiny_y/Documents/Projects/Portfolio/portfolio/dataconnect/connector",
          "connectorYaml": {
            "connectorId": "default",
            "generate": {
              "javascriptSdk": {
                "outputDir": "../../dataconnect-generated/js/default-connector",
                "package": "@firebasegen/default-connector",
                "packageJsonDir": "../..",
                "react": true
              }
            }
          },
          "connector": {
            "name": "projects/portfolio-3fd9d/locations/us-central1/services/portfolio/connectors/default",
            "source": {
              "files": [
                {
                  "path": "mutations.gql",
                  "content": "# # Example mutations for a simple movie app\n\n# # Create a movie based on user input\n# mutation CreateMovie($title: String!, $genre: String!, $imageUrl: String!)\n# @auth(level: USER_EMAIL_VERIFIED) {\n#   movie_insert(data: { title: $title, genre: $genre, imageUrl: $imageUrl })\n# }\n\n# # Upsert (update or insert) a user's username based on their auth.uid\n# mutation UpsertUser($username: String!) @auth(level: USER) {\n#   # The \"auth.uid\" server value ensures that users can only register their own user.\n#   user_upsert(data: { id_expr: \"auth.uid\", username: $username })\n# }\n\n# # Add a review for a movie\n# mutation AddReview($movieId: UUID!, $rating: Int!, $reviewText: String!)\n# @auth(level: USER) {\n#   review_upsert(\n#     data: {\n#       userId_expr: \"auth.uid\"\n#       movieId: $movieId\n#       rating: $rating\n#       reviewText: $reviewText\n#       # reviewDate defaults to today in the schema. No need to set it manually.\n#     }\n#   )\n# }\n\n# # Logged in user can delete their review for a movie\n# mutation DeleteReview($movieId: UUID!) @auth(level: USER) {\n#   # The \"auth.uid\" server value ensures that users can only delete their own reviews.\n#   review_delete(key: { userId_expr: \"auth.uid\", movieId: $movieId })\n# }\n"
                },
                {
                  "path": "queries.gql",
                  "content": "# # Example queries for a simple movie app.\n\n# # @auth() directives control who can call each operation.\n# # Anyone should be able to list all movies, so the auth level is set to PUBLIC\n# query ListMovies @auth(level: PUBLIC) {\n#   movies {\n#     id\n#     title\n#     imageUrl\n#     genre\n#   }\n# }\n\n# # List all users, only admins should be able to list all users, so we use NO_ACCESS\n# query ListUsers @auth(level: NO_ACCESS) {\n#   users {\n#     id\n#     username\n#   }\n# }\n\n# # Logged in users can list all their reviews and movie titles associated with the review\n# # Since the query uses the uid of the current authenticated user, we set auth level to USER\n# query ListUserReviews @auth(level: USER) {\n#   user(key: { id_expr: \"auth.uid\" }) {\n#     id\n#     username\n#     # <field>_on_<foreign_key_field> makes it easy to grab info from another table\n#     # Here, we use it to grab all the reviews written by the user.\n#     reviews: reviews_on_user {\n#       rating\n#       reviewDate\n#       reviewText\n#       movie {\n#         id\n#         title\n#       }\n#     }\n#   }\n# }\n\n# # Get movie by id\n# query GetMovieById($id: UUID!) @auth(level: PUBLIC) {\n#   movie(id: $id) {\n#     id\n#     title\n#     imageUrl\n#     genre\n#     metadata: movieMetadata_on_movie {\n#       rating\n#       releaseYear\n#       description\n#     }\n#     reviews: reviews_on_movie {\n#       reviewText\n#       reviewDate\n#       rating\n#       user {\n#         id\n#         username\n#       }\n#     }\n#   }\n# }\n\n# # Search for movies, actors, and reviews\n# query SearchMovie($titleInput: String, $genre: String) @auth(level: PUBLIC) {\n#   movies(\n#     where: {\n#       _and: [{ genre: { eq: $genre } }, { title: { contains: $titleInput } }]\n#     }\n#   ) {\n#     id\n#     title\n#     genre\n#     imageUrl\n#   }\n# }\n"
                }
              ]
            }
          }
        }
      ],
      "deploymentMetadata": {
        "primaryDataSource": {
          "postgres": {
            "requiredExtensions": null
          }
        }
      }
    }
  ]
}
[info] i  hosting[portfolio-3fd9d]: beginning deploy... 
[info] i  hosting[portfolio-3fd9d]: found 8 files in public 
[debug] [2025-03-10T11:12:02.993Z] [hosting] uploading with 200 concurrency
[debug] [2025-03-10T11:12:02.993Z] [hosting] hash cache [cHVibGlj] not populated
[debug] [2025-03-10T11:12:02.999Z] Checked if tokens are valid: true, expires at: 1741606983816
[debug] [2025-03-10T11:12:02.999Z] Checked if tokens are valid: true, expires at: 1741606983816
[debug] [2025-03-10T11:12:02.999Z] [hosting] hash cache [cHVibGlj] stored for 8 files
[debug] [2025-03-10T11:12:03.000Z] [hosting][hash queue][FINAL] {"max":4,"min":2,"avg":3.125,"active":0,"complete":8,"success":8,"errored":0,"retried":0,"total":8,"elapsed":6}
[debug] [2025-03-10T11:12:03.000Z] >>> [apiv2][query] POST https://firebasehosting.googleapis.com/v1beta1/projects/992795801018/sites/portfolio-3fd9d/versions/aaf9487b91d938f0:populateFiles [none]
[debug] [2025-03-10T11:12:03.000Z] >>> [apiv2][body] POST https://firebasehosting.googleapis.com/v1beta1/projects/992795801018/sites/portfolio-3fd9d/versions/aaf9487b91d938f0:populateFiles {"files":{"/index.html":"5b1ef5ff25bcdaee6d21f059092ba4c992c1d16ce41284168870b968bdf83b91","/window.svg":"bf07bc7ddc1ae03e7936a9347de10e85cf9a0e51f99bd8293b2a8eeca6463b49","/vercel.svg":"ffb3d6634c37da9451d60557ed0e6e513e2889672e0bf202d2558062062a048a","/next.svg":"7b16665552cb47db34db342505d6d340caaf5813ca2cba1df3536ed67ea33f64","/globe.svg":"914fe1f576f68698d9e329ea8ec6c542d8d5f150af08f1a360d188fed7597c23","/file.svg":"cb6477bad43c44ba222b8cddfa7e4fe646b19ec7449646e8c2a426354faa630e","/favicon.svg":"b574d622cc5b5492eae4bd3f5d8990b1228b4cb9cfecf8af7c851fec921d7439","/favicon.ico":"44b6f8726fb454a223f7d37cdc3c1c9f63e007df3247574e1ebdb5773dbaec93"}}
[debug] [2025-03-10T11:12:04.377Z] <<< [apiv2][status] POST https://firebasehosting.googleapis.com/v1beta1/projects/992795801018/sites/portfolio-3fd9d/versions/aaf9487b91d938f0:populateFiles 200
[debug] [2025-03-10T11:12:04.377Z] <<< [apiv2][body] POST https://firebasehosting.googleapis.com/v1beta1/projects/992795801018/sites/portfolio-3fd9d/versions/aaf9487b91d938f0:populateFiles {"uploadRequiredHashes":["44b6f8726fb454a223f7d37cdc3c1c9f63e007df3247574e1ebdb5773dbaec93","5b1ef5ff25bcdaee6d21f059092ba4c992c1d16ce41284168870b968bdf83b91","bf07bc7ddc1ae03e7936a9347de10e85cf9a0e51f99bd8293b2a8eeca6463b49","ffb3d6634c37da9451d60557ed0e6e513e2889672e0bf202d2558062062a048a","7b16665552cb47db34db342505d6d340caaf5813ca2cba1df3536ed67ea33f64","914fe1f576f68698d9e329ea8ec6c542d8d5f150af08f1a360d188fed7597c23","cb6477bad43c44ba222b8cddfa7e4fe646b19ec7449646e8c2a426354faa630e","b574d622cc5b5492eae4bd3f5d8990b1228b4cb9cfecf8af7c851fec921d7439"],"uploadUrl":"https://upload-firebasehosting.googleapis.com/upload/sites/portfolio-3fd9d/versions/aaf9487b91d938f0/files"}
[debug] [2025-03-10T11:12:04.377Z] Checked if tokens are valid: true, expires at: 1741606983816
[debug] [2025-03-10T11:12:04.377Z] Checked if tokens are valid: true, expires at: 1741606983816
[debug] [2025-03-10T11:12:04.378Z] Checked if tokens are valid: true, expires at: 1741606983816
[debug] [2025-03-10T11:12:04.378Z] Checked if tokens are valid: true, expires at: 1741606983816
[debug] [2025-03-10T11:12:04.378Z] Checked if tokens are valid: true, expires at: 1741606983816
[debug] [2025-03-10T11:12:04.378Z] Checked if tokens are valid: true, expires at: 1741606983816
[debug] [2025-03-10T11:12:04.378Z] Checked if tokens are valid: true, expires at: 1741606983816
[debug] [2025-03-10T11:12:04.378Z] Checked if tokens are valid: true, expires at: 1741606983816
[debug] [2025-03-10T11:12:04.378Z] Checked if tokens are valid: true, expires at: 1741606983816
[debug] [2025-03-10T11:12:04.378Z] Checked if tokens are valid: true, expires at: 1741606983816
[debug] [2025-03-10T11:12:04.378Z] Checked if tokens are valid: true, expires at: 1741606983816
[debug] [2025-03-10T11:12:04.378Z] Checked if tokens are valid: true, expires at: 1741606983816
[debug] [2025-03-10T11:12:04.378Z] Checked if tokens are valid: true, expires at: 1741606983816
[debug] [2025-03-10T11:12:04.378Z] Checked if tokens are valid: true, expires at: 1741606983816
[debug] [2025-03-10T11:12:04.378Z] Checked if tokens are valid: true, expires at: 1741606983816
[debug] [2025-03-10T11:12:04.378Z] Checked if tokens are valid: true, expires at: 1741606983816
[debug] [2025-03-10T11:12:04.378Z] >>> [apiv2][query] POST https://upload-firebasehosting.googleapis.com/upload/sites/portfolio-3fd9d/versions/aaf9487b91d938f0/files/44b6f8726fb454a223f7d37cdc3c1c9f63e007df3247574e1ebdb5773dbaec93 [none]
[debug] [2025-03-10T11:12:04.378Z] >>> [apiv2][body] POST https://upload-firebasehosting.googleapis.com/upload/sites/portfolio-3fd9d/versions/aaf9487b91d938f0/files/44b6f8726fb454a223f7d37cdc3c1c9f63e007df3247574e1ebdb5773dbaec93 [stream]
[debug] [2025-03-10T11:12:04.379Z] >>> [apiv2][query] POST https://upload-firebasehosting.googleapis.com/upload/sites/portfolio-3fd9d/versions/aaf9487b91d938f0/files/5b1ef5ff25bcdaee6d21f059092ba4c992c1d16ce41284168870b968bdf83b91 [none]
[debug] [2025-03-10T11:12:04.379Z] >>> [apiv2][body] POST https://upload-firebasehosting.googleapis.com/upload/sites/portfolio-3fd9d/versions/aaf9487b91d938f0/files/5b1ef5ff25bcdaee6d21f059092ba4c992c1d16ce41284168870b968bdf83b91 [stream]
[debug] [2025-03-10T11:12:04.379Z] >>> [apiv2][query] POST https://upload-firebasehosting.googleapis.com/upload/sites/portfolio-3fd9d/versions/aaf9487b91d938f0/files/bf07bc7ddc1ae03e7936a9347de10e85cf9a0e51f99bd8293b2a8eeca6463b49 [none]
[debug] [2025-03-10T11:12:04.379Z] >>> [apiv2][body] POST https://upload-firebasehosting.googleapis.com/upload/sites/portfolio-3fd9d/versions/aaf9487b91d938f0/files/bf07bc7ddc1ae03e7936a9347de10e85cf9a0e51f99bd8293b2a8eeca6463b49 [stream]
[debug] [2025-03-10T11:12:04.380Z] >>> [apiv2][query] POST https://upload-firebasehosting.googleapis.com/upload/sites/portfolio-3fd9d/versions/aaf9487b91d938f0/files/ffb3d6634c37da9451d60557ed0e6e513e2889672e0bf202d2558062062a048a [none]
[debug] [2025-03-10T11:12:04.380Z] >>> [apiv2][body] POST https://upload-firebasehosting.googleapis.com/upload/sites/portfolio-3fd9d/versions/aaf9487b91d938f0/files/ffb3d6634c37da9451d60557ed0e6e513e2889672e0bf202d2558062062a048a [stream]
[debug] [2025-03-10T11:12:04.380Z] >>> [apiv2][query] POST https://upload-firebasehosting.googleapis.com/upload/sites/portfolio-3fd9d/versions/aaf9487b91d938f0/files/7b16665552cb47db34db342505d6d340caaf5813ca2cba1df3536ed67ea33f64 [none]
[debug] [2025-03-10T11:12:04.380Z] >>> [apiv2][body] POST https://upload-firebasehosting.googleapis.com/upload/sites/portfolio-3fd9d/versions/aaf9487b91d938f0/files/7b16665552cb47db34db342505d6d340caaf5813ca2cba1df3536ed67ea33f64 [stream]
[debug] [2025-03-10T11:12:04.380Z] >>> [apiv2][query] POST https://upload-firebasehosting.googleapis.com/upload/sites/portfolio-3fd9d/versions/aaf9487b91d938f0/files/914fe1f576f68698d9e329ea8ec6c542d8d5f150af08f1a360d188fed7597c23 [none]
[debug] [2025-03-10T11:12:04.380Z] >>> [apiv2][body] POST https://upload-firebasehosting.googleapis.com/upload/sites/portfolio-3fd9d/versions/aaf9487b91d938f0/files/914fe1f576f68698d9e329ea8ec6c542d8d5f150af08f1a360d188fed7597c23 [stream]
[debug] [2025-03-10T11:12:04.381Z] >>> [apiv2][query] POST https://upload-firebasehosting.googleapis.com/upload/sites/portfolio-3fd9d/versions/aaf9487b91d938f0/files/cb6477bad43c44ba222b8cddfa7e4fe646b19ec7449646e8c2a426354faa630e [none]
[debug] [2025-03-10T11:12:04.381Z] >>> [apiv2][body] POST https://upload-firebasehosting.googleapis.com/upload/sites/portfolio-3fd9d/versions/aaf9487b91d938f0/files/cb6477bad43c44ba222b8cddfa7e4fe646b19ec7449646e8c2a426354faa630e [stream]
[debug] [2025-03-10T11:12:04.381Z] >>> [apiv2][query] POST https://upload-firebasehosting.googleapis.com/upload/sites/portfolio-3fd9d/versions/aaf9487b91d938f0/files/b574d622cc5b5492eae4bd3f5d8990b1228b4cb9cfecf8af7c851fec921d7439 [none]
[debug] [2025-03-10T11:12:04.381Z] >>> [apiv2][body] POST https://upload-firebasehosting.googleapis.com/upload/sites/portfolio-3fd9d/versions/aaf9487b91d938f0/files/b574d622cc5b5492eae4bd3f5d8990b1228b4cb9cfecf8af7c851fec921d7439 [stream]
[debug] [2025-03-10T11:12:04.381Z] [hosting][populate queue][FINAL] {"max":1379,"min":1379,"avg":1379,"active":0,"complete":1,"success":1,"errored":0,"retried":0,"total":1,"elapsed":1382}
[debug] [2025-03-10T11:12:04.381Z] [hosting] uploads queued: 8
[debug] [2025-03-10T11:12:05.739Z] <<< [apiv2][status] POST https://upload-firebasehosting.googleapis.com/upload/sites/portfolio-3fd9d/versions/aaf9487b91d938f0/files/914fe1f576f68698d9e329ea8ec6c542d8d5f150af08f1a360d188fed7597c23 200
[debug] [2025-03-10T11:12:05.739Z] <<< [apiv2][body] POST https://upload-firebasehosting.googleapis.com/upload/sites/portfolio-3fd9d/versions/aaf9487b91d938f0/files/914fe1f576f68698d9e329ea8ec6c542d8d5f150af08f1a360d188fed7597c23 [stream]
[debug] [2025-03-10T11:12:05.741Z] <<< [apiv2][status] POST https://upload-firebasehosting.googleapis.com/upload/sites/portfolio-3fd9d/versions/aaf9487b91d938f0/files/bf07bc7ddc1ae03e7936a9347de10e85cf9a0e51f99bd8293b2a8eeca6463b49 200
[debug] [2025-03-10T11:12:05.741Z] <<< [apiv2][body] POST https://upload-firebasehosting.googleapis.com/upload/sites/portfolio-3fd9d/versions/aaf9487b91d938f0/files/bf07bc7ddc1ae03e7936a9347de10e85cf9a0e51f99bd8293b2a8eeca6463b49 [stream]
[debug] [2025-03-10T11:12:05.768Z] <<< [apiv2][status] POST https://upload-firebasehosting.googleapis.com/upload/sites/portfolio-3fd9d/versions/aaf9487b91d938f0/files/cb6477bad43c44ba222b8cddfa7e4fe646b19ec7449646e8c2a426354faa630e 200
[debug] [2025-03-10T11:12:05.768Z] <<< [apiv2][body] POST https://upload-firebasehosting.googleapis.com/upload/sites/portfolio-3fd9d/versions/aaf9487b91d938f0/files/cb6477bad43c44ba222b8cddfa7e4fe646b19ec7449646e8c2a426354faa630e [stream]
[debug] [2025-03-10T11:12:05.773Z] <<< [apiv2][status] POST https://upload-firebasehosting.googleapis.com/upload/sites/portfolio-3fd9d/versions/aaf9487b91d938f0/files/ffb3d6634c37da9451d60557ed0e6e513e2889672e0bf202d2558062062a048a 200
[debug] [2025-03-10T11:12:05.773Z] <<< [apiv2][body] POST https://upload-firebasehosting.googleapis.com/upload/sites/portfolio-3fd9d/versions/aaf9487b91d938f0/files/ffb3d6634c37da9451d60557ed0e6e513e2889672e0bf202d2558062062a048a [stream]
[debug] [2025-03-10T11:12:05.781Z] <<< [apiv2][status] POST https://upload-firebasehosting.googleapis.com/upload/sites/portfolio-3fd9d/versions/aaf9487b91d938f0/files/7b16665552cb47db34db342505d6d340caaf5813ca2cba1df3536ed67ea33f64 200
[debug] [2025-03-10T11:12:05.781Z] <<< [apiv2][body] POST https://upload-firebasehosting.googleapis.com/upload/sites/portfolio-3fd9d/versions/aaf9487b91d938f0/files/7b16665552cb47db34db342505d6d340caaf5813ca2cba1df3536ed67ea33f64 [stream]
[debug] [2025-03-10T11:12:05.958Z] <<< [apiv2][status] POST https://upload-firebasehosting.googleapis.com/upload/sites/portfolio-3fd9d/versions/aaf9487b91d938f0/files/44b6f8726fb454a223f7d37cdc3c1c9f63e007df3247574e1ebdb5773dbaec93 200
[debug] [2025-03-10T11:12:05.959Z] <<< [apiv2][body] POST https://upload-firebasehosting.googleapis.com/upload/sites/portfolio-3fd9d/versions/aaf9487b91d938f0/files/44b6f8726fb454a223f7d37cdc3c1c9f63e007df3247574e1ebdb5773dbaec93 [stream]
[debug] [2025-03-10T11:12:06.038Z] <<< [apiv2][status] POST https://upload-firebasehosting.googleapis.com/upload/sites/portfolio-3fd9d/versions/aaf9487b91d938f0/files/5b1ef5ff25bcdaee6d21f059092ba4c992c1d16ce41284168870b968bdf83b91 200
[debug] [2025-03-10T11:12:06.038Z] <<< [apiv2][body] POST https://upload-firebasehosting.googleapis.com/upload/sites/portfolio-3fd9d/versions/aaf9487b91d938f0/files/5b1ef5ff25bcdaee6d21f059092ba4c992c1d16ce41284168870b968bdf83b91 [stream]
[debug] [2025-03-10T11:12:06.477Z] <<< [apiv2][status] POST https://upload-firebasehosting.googleapis.com/upload/sites/portfolio-3fd9d/versions/aaf9487b91d938f0/files/b574d622cc5b5492eae4bd3f5d8990b1228b4cb9cfecf8af7c851fec921d7439 200
[debug] [2025-03-10T11:12:06.478Z] <<< [apiv2][body] POST https://upload-firebasehosting.googleapis.com/upload/sites/portfolio-3fd9d/versions/aaf9487b91d938f0/files/b574d622cc5b5492eae4bd3f5d8990b1228b4cb9cfecf8af7c851fec921d7439 [stream]
[debug] [2025-03-10T11:12:06.479Z] [hosting][upload queue][FINAL] {"max":2100,"min":1362,"avg":1532.125,"active":0,"complete":8,"success":8,"errored":0,"retried":0,"total":8,"elapsed":2102}
[info] ✔  hosting[portfolio-3fd9d]: file upload complete 
[debug] [2025-03-10T11:12:06.480Z] [hosting] deploy completed after 3494ms
[debug] [2025-03-10T11:12:06.481Z] Checked if tokens are valid: true, expires at: 1741606983816
[debug] [2025-03-10T11:12:06.481Z] Checked if tokens are valid: true, expires at: 1741606983816
[debug] [2025-03-10T11:12:06.481Z] >>> [apiv2][query] GET https://firebasedataconnect.googleapis.com/v1/projects/portfolio-3fd9d/locations/-/services [none]
[debug] [2025-03-10T11:12:08.137Z] <<< [apiv2][status] GET https://firebasedataconnect.googleapis.com/v1/projects/portfolio-3fd9d/locations/-/services 200
[debug] [2025-03-10T11:12:08.137Z] <<< [apiv2][body] GET https://firebasedataconnect.googleapis.com/v1/projects/portfolio-3fd9d/locations/-/services {}
[debug] [2025-03-10T11:12:08.138Z] Checked if tokens are valid: true, expires at: 1741606983816
[debug] [2025-03-10T11:12:08.138Z] Checked if tokens are valid: true, expires at: 1741606983816
[debug] [2025-03-10T11:12:08.139Z] >>> [apiv2][query] POST https://firebasedataconnect.googleapis.com/v1/projects/portfolio-3fd9d/locations/us-central1/services service_id=portfolio
[debug] [2025-03-10T11:12:08.139Z] >>> [apiv2][body] POST https://firebasedataconnect.googleapis.com/v1/projects/portfolio-3fd9d/locations/us-central1/services {"name":"projects/portfolio-3fd9d/locations/us-central1/services/portfolio"}
[debug] [2025-03-10T11:12:10.078Z] <<< [apiv2][status] POST https://firebasedataconnect.googleapis.com/v1/projects/portfolio-3fd9d/locations/us-central1/services 200
[debug] [2025-03-10T11:12:10.079Z] <<< [apiv2][body] POST https://firebasedataconnect.googleapis.com/v1/projects/portfolio-3fd9d/locations/us-central1/services {"name":"projects/portfolio-3fd9d/locations/us-central1/operations/operation-1741605129204-62ffb0b10b303-4d930aa7-592afbda","metadata":{"@type":"type.googleapis.com/google.firebase.dataconnect.v1.OperationMetadata","createTime":"2025-03-10T11:12:10.016703655Z","target":"projects/portfolio-3fd9d/locations/us-central1/services/portfolio","verb":"create","requestedCancellation":false,"apiVersion":"v1"},"done":false}
[debug] [2025-03-10T11:12:10.080Z] Checked if tokens are valid: true, expires at: 1741606983816
[debug] [2025-03-10T11:12:10.080Z] Checked if tokens are valid: true, expires at: 1741606983816
[debug] [2025-03-10T11:12:10.080Z] >>> [apiv2][query] GET https://firebasedataconnect.googleapis.com/v1/projects/portfolio-3fd9d/locations/us-central1/operations/operation-1741605129204-62ffb0b10b303-4d930aa7-592afbda [none]
[debug] [2025-03-10T11:12:10.419Z] <<< [apiv2][status] GET https://firebasedataconnect.googleapis.com/v1/projects/portfolio-3fd9d/locations/us-central1/operations/operation-1741605129204-62ffb0b10b303-4d930aa7-592afbda 200
[debug] [2025-03-10T11:12:10.419Z] <<< [apiv2][body] GET https://firebasedataconnect.googleapis.com/v1/projects/portfolio-3fd9d/locations/us-central1/operations/operation-1741605129204-62ffb0b10b303-4d930aa7-592afbda {"name":"projects/portfolio-3fd9d/locations/us-central1/operations/operation-1741605129204-62ffb0b10b303-4d930aa7-592afbda","metadata":{"@type":"type.googleapis.com/google.firebase.dataconnect.v1.OperationMetadata","createTime":"2025-03-10T11:12:10.016703655Z","target":"projects/portfolio-3fd9d/locations/us-central1/services/portfolio","verb":"create","requestedCancellation":false,"apiVersion":"v1"},"done":false}
[debug] [2025-03-10T11:12:10.931Z] [LRO Poller] Retrying task index 0
[debug] [2025-03-10T11:12:10.932Z] Checked if tokens are valid: true, expires at: 1741606983816
[debug] [2025-03-10T11:12:10.932Z] Checked if tokens are valid: true, expires at: 1741606983816
[debug] [2025-03-10T11:12:10.932Z] >>> [apiv2][query] GET https://firebasedataconnect.googleapis.com/v1/projects/portfolio-3fd9d/locations/us-central1/operations/operation-1741605129204-62ffb0b10b303-4d930aa7-592afbda [none]
[debug] [2025-03-10T11:12:11.174Z] <<< [apiv2][status] GET https://firebasedataconnect.googleapis.com/v1/projects/portfolio-3fd9d/locations/us-central1/operations/operation-1741605129204-62ffb0b10b303-4d930aa7-592afbda 200
[debug] [2025-03-10T11:12:11.174Z] <<< [apiv2][body] GET https://firebasedataconnect.googleapis.com/v1/projects/portfolio-3fd9d/locations/us-central1/operations/operation-1741605129204-62ffb0b10b303-4d930aa7-592afbda {"name":"projects/portfolio-3fd9d/locations/us-central1/operations/operation-1741605129204-62ffb0b10b303-4d930aa7-592afbda","metadata":{"@type":"type.googleapis.com/google.firebase.dataconnect.v1.OperationMetadata","createTime":"2025-03-10T11:12:10.016703655Z","target":"projects/portfolio-3fd9d/locations/us-central1/services/portfolio","verb":"create","requestedCancellation":false,"apiVersion":"v1"},"done":false}
[debug] [2025-03-10T11:12:12.176Z] [LRO Poller] Retrying task index 0
[debug] [2025-03-10T11:12:12.176Z] Checked if tokens are valid: true, expires at: 1741606983816
[debug] [2025-03-10T11:12:12.176Z] Checked if tokens are valid: true, expires at: 1741606983816
[debug] [2025-03-10T11:12:12.176Z] >>> [apiv2][query] GET https://firebasedataconnect.googleapis.com/v1/projects/portfolio-3fd9d/locations/us-central1/operations/operation-1741605129204-62ffb0b10b303-4d930aa7-592afbda [none]
[debug] [2025-03-10T11:12:12.374Z] <<< [apiv2][status] GET https://firebasedataconnect.googleapis.com/v1/projects/portfolio-3fd9d/locations/us-central1/operations/operation-1741605129204-62ffb0b10b303-4d930aa7-592afbda 200
[debug] [2025-03-10T11:12:12.374Z] <<< [apiv2][body] GET https://firebasedataconnect.googleapis.com/v1/projects/portfolio-3fd9d/locations/us-central1/operations/operation-1741605129204-62ffb0b10b303-4d930aa7-592afbda {"name":"projects/portfolio-3fd9d/locations/us-central1/operations/operation-1741605129204-62ffb0b10b303-4d930aa7-592afbda","metadata":{"@type":"type.googleapis.com/google.firebase.dataconnect.v1.OperationMetadata","createTime":"2025-03-10T11:12:10.016703655Z","endTime":"2025-03-10T11:12:11.322837133Z","target":"projects/portfolio-3fd9d/locations/us-central1/services/portfolio","verb":"create","requestedCancellation":false,"apiVersion":"v1"},"done":true,"response":{"@type":"type.googleapis.com/google.firebase.dataconnect.v1.Service","name":"projects/portfolio-3fd9d/locations/us-central1/services/portfolio","createTime":"2025-03-10T11:12:10.011104114Z","updateTime":"2025-03-10T11:12:10.011104114Z","uid":"8207c0fa-aa29-4a24-9c0d-d8931ec0364e","reconciling":false,"etag":"0CM_OCc09lWNcotI-C1IQxpDqQe4XjaCPuA93RoEZgs"}}
[info] ✔  dataconnect: Created service projects/portfolio-3fd9d/locations/us-central1/services/portfolio 
[info] i  dataconnect: Checking for CloudSQL resources... 
[debug] [2025-03-10T11:12:12.375Z] Checked if tokens are valid: true, expires at: 1741606983816
[debug] [2025-03-10T11:12:12.375Z] Checked if tokens are valid: true, expires at: 1741606983816
[debug] [2025-03-10T11:12:12.375Z] >>> [apiv2][query] GET https://sqladmin.googleapis.com/v1/projects/portfolio-3fd9d/instances/portfolio-fdc [none]
[debug] [2025-03-10T11:12:13.004Z] <<< [apiv2][status] GET https://sqladmin.googleapis.com/v1/projects/portfolio-3fd9d/instances/portfolio-fdc 404
[debug] [2025-03-10T11:12:13.004Z] <<< [apiv2][body] GET https://sqladmin.googleapis.com/v1/projects/portfolio-3fd9d/instances/portfolio-fdc {"error":{"code":404,"message":"The Cloud SQL instance does not exist.","errors":[{"message":"The Cloud SQL instance does not exist.","domain":"global","reason":"instanceDoesNotExist"}]}}
[warn] ⚠  dataconnect: The no-cost Cloud SQL trial instance does not support customer managed encryption keys.
If you'd like to use a CMEK to encrypt your data, first create a CMEK encrypted instance (https://cloud.google.com/sql/docs/postgres/configure-cmek#createcmekinstance).
Then, edit your `dataconnect.yaml` file to use the encrypted instance and redeploy. 
[info] i  dataconnect: CloudSQL instance 'portfolio-fdc' not found.Creating it now.
This instance is provided under the terms of the Data Connect no-cost trial https://firebase.google.com/pricing
Monitor the progress at https://console.cloud.google.com/sql/instances/portfolio-fdc/overview?project=portfolio-3fd9d 
[debug] [2025-03-10T11:12:13.006Z] Checked if tokens are valid: true, expires at: 1741606983816
[debug] [2025-03-10T11:12:13.006Z] Checked if tokens are valid: true, expires at: 1741606983816
[debug] [2025-03-10T11:12:13.006Z] >>> [apiv2][query] POST https://sqladmin.googleapis.com/v1/projects/portfolio-3fd9d/instances [none]
[debug] [2025-03-10T11:12:13.006Z] >>> [apiv2][body] POST https://sqladmin.googleapis.com/v1/projects/portfolio-3fd9d/instances {"name":"portfolio-fdc","region":"us-central1","databaseVersion":"POSTGRES_15","settings":{"tier":"db-f1-micro","edition":"ENTERPRISE","ipConfiguration":{"authorizedNetworks":[]},"enableGoogleMlIntegration":false,"databaseFlags":[{"name":"cloudsql.iam_authentication","value":"on"}],"storageAutoResize":false,"userLabels":{"firebase-data-connect":"ft"},"insightsConfig":{"queryInsightsEnabled":true,"queryPlansPerMinute":5,"queryStringLength":1024}}}
[debug] [2025-03-10T11:12:15.205Z] <<< [apiv2][status] POST https://sqladmin.googleapis.com/v1/projects/portfolio-3fd9d/instances 200
[debug] [2025-03-10T11:12:15.205Z] <<< [apiv2][body] POST https://sqladmin.googleapis.com/v1/projects/portfolio-3fd9d/instances {"kind":"sql#operation","targetLink":"https://sqladmin.googleapis.com/v1/projects/portfolio-3fd9d/instances/portfolio-fdc","status":"PENDING","user":"shidofuyukj@gmail.com","insertTime":"2025-03-10T11:12:15.136Z","operationType":"CREATE","name":"98eed5d9-cd59-4bd3-9312-40cf00000032","targetId":"portfolio-fdc","selfLink":"https://sqladmin.googleapis.com/v1/projects/portfolio-3fd9d/operations/98eed5d9-cd59-4bd3-9312-40cf00000032","targetProject":"portfolio-3fd9d"}
[debug] [2025-03-10T11:12:15.205Z] Checked if tokens are valid: true, expires at: 1741606983816
[debug] [2025-03-10T11:12:15.205Z] Checked if tokens are valid: true, expires at: 1741606983816
[debug] [2025-03-10T11:12:15.206Z] >>> [apiv2][query] GET https://sqladmin.googleapis.com/v1/projects/portfolio-3fd9d/operations/98eed5d9-cd59-4bd3-9312-40cf00000032 [none]
[debug] [2025-03-10T11:12:15.747Z] <<< [apiv2][status] GET https://sqladmin.googleapis.com/v1/projects/portfolio-3fd9d/operations/98eed5d9-cd59-4bd3-9312-40cf00000032 200
[debug] [2025-03-10T11:12:15.748Z] <<< [apiv2][body] GET https://sqladmin.googleapis.com/v1/projects/portfolio-3fd9d/operations/98eed5d9-cd59-4bd3-9312-40cf00000032 {"kind":"sql#operation","targetLink":"https://sqladmin.googleapis.com/v1/projects/portfolio-3fd9d/instances/portfolio-fdc","status":"RUNNING","user":"shidofuyukj@gmail.com","insertTime":"2025-03-10T11:12:15.136Z","startTime":"2025-03-10T11:12:15.296Z","operationType":"CREATE","name":"98eed5d9-cd59-4bd3-9312-40cf00000032","targetId":"portfolio-fdc","selfLink":"https://sqladmin.googleapis.com/v1/projects/portfolio-3fd9d/operations/98eed5d9-cd59-4bd3-9312-40cf00000032","targetProject":"portfolio-3fd9d"}
[debug] [2025-03-10T11:12:16.250Z] [LRO Poller] Retrying task index 0
[debug] [2025-03-10T11:12:16.251Z] Checked if tokens are valid: true, expires at: 1741606983816
[debug] [2025-03-10T11:12:16.251Z] Checked if tokens are valid: true, expires at: 1741606983816
[debug] [2025-03-10T11:12:16.252Z] >>> [apiv2][query] GET https://sqladmin.googleapis.com/v1/projects/portfolio-3fd9d/operations/98eed5d9-cd59-4bd3-9312-40cf00000032 [none]
[debug] [2025-03-10T11:12:16.873Z] <<< [apiv2][status] GET https://sqladmin.googleapis.com/v1/projects/portfolio-3fd9d/operations/98eed5d9-cd59-4bd3-9312-40cf00000032 200
[debug] [2025-03-10T11:12:16.873Z] <<< [apiv2][body] GET https://sqladmin.googleapis.com/v1/projects/portfolio-3fd9d/operations/98eed5d9-cd59-4bd3-9312-40cf00000032 {"kind":"sql#operation","targetLink":"https://sqladmin.googleapis.com/v1/projects/portfolio-3fd9d/instances/portfolio-fdc","status":"RUNNING","user":"shidofuyukj@gmail.com","insertTime":"2025-03-10T11:12:15.136Z","startTime":"2025-03-10T11:12:15.296Z","operationType":"CREATE","name":"98eed5d9-cd59-4bd3-9312-40cf00000032","targetId":"portfolio-fdc","selfLink":"https://sqladmin.googleapis.com/v1/projects/portfolio-3fd9d/operations/98eed5d9-cd59-4bd3-9312-40cf00000032","targetProject":"portfolio-3fd9d"}
[debug] [2025-03-10T11:12:17.874Z] [LRO Poller] Retrying task index 0
[debug] [2025-03-10T11:12:17.875Z] Checked if tokens are valid: true, expires at: 1741606983816
[debug] [2025-03-10T11:12:17.875Z] Checked if tokens are valid: true, expires at: 1741606983816
[debug] [2025-03-10T11:12:17.875Z] >>> [apiv2][query] GET https://sqladmin.googleapis.com/v1/projects/portfolio-3fd9d/operations/98eed5d9-cd59-4bd3-9312-40cf00000032 [none]
[debug] [2025-03-10T11:12:18.398Z] <<< [apiv2][status] GET https://sqladmin.googleapis.com/v1/projects/portfolio-3fd9d/operations/98eed5d9-cd59-4bd3-9312-40cf00000032 200
[debug] [2025-03-10T11:12:18.398Z] <<< [apiv2][body] GET https://sqladmin.googleapis.com/v1/projects/portfolio-3fd9d/operations/98eed5d9-cd59-4bd3-9312-40cf00000032 {"kind":"sql#operation","targetLink":"https://sqladmin.googleapis.com/v1/projects/portfolio-3fd9d/instances/portfolio-fdc","status":"RUNNING","user":"shidofuyukj@gmail.com","insertTime":"2025-03-10T11:12:15.136Z","startTime":"2025-03-10T11:12:15.296Z","operationType":"CREATE","name":"98eed5d9-cd59-4bd3-9312-40cf00000032","targetId":"portfolio-fdc","selfLink":"https://sqladmin.googleapis.com/v1/projects/portfolio-3fd9d/operations/98eed5d9-cd59-4bd3-9312-40cf00000032","targetProject":"portfolio-3fd9d"}
[debug] [2025-03-10T11:12:20.399Z] [LRO Poller] Retrying task index 0
[debug] [2025-03-10T11:12:20.400Z] Checked if tokens are valid: true, expires at: 1741606983816
[debug] [2025-03-10T11:12:20.400Z] Checked if tokens are valid: true, expires at: 1741606983816
[debug] [2025-03-10T11:12:20.400Z] >>> [apiv2][query] GET https://sqladmin.googleapis.com/v1/projects/portfolio-3fd9d/operations/98eed5d9-cd59-4bd3-9312-40cf00000032 [none]
[debug] [2025-03-10T11:12:20.921Z] <<< [apiv2][status] GET https://sqladmin.googleapis.com/v1/projects/portfolio-3fd9d/operations/98eed5d9-cd59-4bd3-9312-40cf00000032 200
[debug] [2025-03-10T11:12:20.921Z] <<< [apiv2][body] GET https://sqladmin.googleapis.com/v1/projects/portfolio-3fd9d/operations/98eed5d9-cd59-4bd3-9312-40cf00000032 {"kind":"sql#operation","targetLink":"https://sqladmin.googleapis.com/v1/projects/portfolio-3fd9d/instances/portfolio-fdc","status":"RUNNING","user":"shidofuyukj@gmail.com","insertTime":"2025-03-10T11:12:15.136Z","startTime":"2025-03-10T11:12:15.296Z","operationType":"CREATE","name":"98eed5d9-cd59-4bd3-9312-40cf00000032","targetId":"portfolio-fdc","selfLink":"https://sqladmin.googleapis.com/v1/projects/portfolio-3fd9d/operations/98eed5d9-cd59-4bd3-9312-40cf00000032","targetProject":"portfolio-3fd9d"}
[debug] [2025-03-10T11:12:24.922Z] [LRO Poller] Retrying task index 0
[debug] [2025-03-10T11:12:24.923Z] Checked if tokens are valid: true, expires at: 1741606983816
[debug] [2025-03-10T11:12:24.923Z] Checked if tokens are valid: true, expires at: 1741606983816
[debug] [2025-03-10T11:12:24.923Z] >>> [apiv2][query] GET https://sqladmin.googleapis.com/v1/projects/portfolio-3fd9d/operations/98eed5d9-cd59-4bd3-9312-40cf00000032 [none]
[debug] [2025-03-10T11:12:25.448Z] <<< [apiv2][status] GET https://sqladmin.googleapis.com/v1/projects/portfolio-3fd9d/operations/98eed5d9-cd59-4bd3-9312-40cf00000032 200
[debug] [2025-03-10T11:12:25.449Z] <<< [apiv2][body] GET https://sqladmin.googleapis.com/v1/projects/portfolio-3fd9d/operations/98eed5d9-cd59-4bd3-9312-40cf00000032 {"kind":"sql#operation","targetLink":"https://sqladmin.googleapis.com/v1/projects/portfolio-3fd9d/instances/portfolio-fdc","status":"RUNNING","user":"shidofuyukj@gmail.com","insertTime":"2025-03-10T11:12:15.136Z","startTime":"2025-03-10T11:12:15.296Z","operationType":"CREATE","name":"98eed5d9-cd59-4bd3-9312-40cf00000032","targetId":"portfolio-fdc","selfLink":"https://sqladmin.googleapis.com/v1/projects/portfolio-3fd9d/operations/98eed5d9-cd59-4bd3-9312-40cf00000032","targetProject":"portfolio-3fd9d"}
[debug] [2025-03-10T11:12:33.450Z] [LRO Poller] Retrying task index 0
[debug] [2025-03-10T11:12:33.450Z] Checked if tokens are valid: true, expires at: 1741606983816
[debug] [2025-03-10T11:12:33.450Z] Checked if tokens are valid: true, expires at: 1741606983816
[debug] [2025-03-10T11:12:33.450Z] >>> [apiv2][query] GET https://sqladmin.googleapis.com/v1/projects/portfolio-3fd9d/operations/98eed5d9-cd59-4bd3-9312-40cf00000032 [none]
[debug] [2025-03-10T11:12:34.174Z] <<< [apiv2][status] GET https://sqladmin.googleapis.com/v1/projects/portfolio-3fd9d/operations/98eed5d9-cd59-4bd3-9312-40cf00000032 200
[debug] [2025-03-10T11:12:34.175Z] <<< [apiv2][body] GET https://sqladmin.googleapis.com/v1/projects/portfolio-3fd9d/operations/98eed5d9-cd59-4bd3-9312-40cf00000032 {"kind":"sql#operation","targetLink":"https://sqladmin.googleapis.com/v1/projects/portfolio-3fd9d/instances/portfolio-fdc","status":"RUNNING","user":"shidofuyukj@gmail.com","insertTime":"2025-03-10T11:12:15.136Z","startTime":"2025-03-10T11:12:15.296Z","operationType":"CREATE","name":"98eed5d9-cd59-4bd3-9312-40cf00000032","targetId":"portfolio-fdc","selfLink":"https://sqladmin.googleapis.com/v1/projects/portfolio-3fd9d/operations/98eed5d9-cd59-4bd3-9312-40cf00000032","targetProject":"portfolio-3fd9d"}
[debug] [2025-03-10T11:12:50.177Z] [LRO Poller] Retrying task index 0
[debug] [2025-03-10T11:12:50.179Z] Checked if tokens are valid: true, expires at: 1741606983816
[debug] [2025-03-10T11:12:50.180Z] Checked if tokens are valid: true, expires at: 1741606983816
[debug] [2025-03-10T11:12:50.180Z] >>> [apiv2][query] GET https://sqladmin.googleapis.com/v1/projects/portfolio-3fd9d/operations/98eed5d9-cd59-4bd3-9312-40cf00000032 [none]
[debug] [2025-03-10T11:12:50.827Z] <<< [apiv2][status] GET https://sqladmin.googleapis.com/v1/projects/portfolio-3fd9d/operations/98eed5d9-cd59-4bd3-9312-40cf00000032 200
[debug] [2025-03-10T11:12:50.827Z] <<< [apiv2][body] GET https://sqladmin.googleapis.com/v1/projects/portfolio-3fd9d/operations/98eed5d9-cd59-4bd3-9312-40cf00000032 {"kind":"sql#operation","targetLink":"https://sqladmin.googleapis.com/v1/projects/portfolio-3fd9d/instances/portfolio-fdc","status":"RUNNING","user":"shidofuyukj@gmail.com","insertTime":"2025-03-10T11:12:15.136Z","startTime":"2025-03-10T11:12:15.296Z","operationType":"CREATE","name":"98eed5d9-cd59-4bd3-9312-40cf00000032","targetId":"portfolio-fdc","selfLink":"https://sqladmin.googleapis.com/v1/projects/portfolio-3fd9d/operations/98eed5d9-cd59-4bd3-9312-40cf00000032","targetProject":"portfolio-3fd9d"}
[debug] [2025-03-10T11:13:22.829Z] [LRO Poller] Retrying task index 0
[debug] [2025-03-10T11:13:22.832Z] Checked if tokens are valid: true, expires at: 1741606983816
[debug] [2025-03-10T11:13:22.832Z] Checked if tokens are valid: true, expires at: 1741606983816
[debug] [2025-03-10T11:13:22.833Z] >>> [apiv2][query] GET https://sqladmin.googleapis.com/v1/projects/portfolio-3fd9d/operations/98eed5d9-cd59-4bd3-9312-40cf00000032 [none]
[debug] [2025-03-10T11:13:23.537Z] <<< [apiv2][status] GET https://sqladmin.googleapis.com/v1/projects/portfolio-3fd9d/operations/98eed5d9-cd59-4bd3-9312-40cf00000032 200
[debug] [2025-03-10T11:13:23.537Z] <<< [apiv2][body] GET https://sqladmin.googleapis.com/v1/projects/portfolio-3fd9d/operations/98eed5d9-cd59-4bd3-9312-40cf00000032 {"kind":"sql#operation","targetLink":"https://sqladmin.googleapis.com/v1/projects/portfolio-3fd9d/instances/portfolio-fdc","status":"RUNNING","user":"shidofuyukj@gmail.com","insertTime":"2025-03-10T11:12:15.136Z","startTime":"2025-03-10T11:12:15.296Z","operationType":"CREATE","name":"98eed5d9-cd59-4bd3-9312-40cf00000032","targetId":"portfolio-fdc","selfLink":"https://sqladmin.googleapis.com/v1/projects/portfolio-3fd9d/operations/98eed5d9-cd59-4bd3-9312-40cf00000032","targetProject":"portfolio-3fd9d"}
[debug] [2025-03-10T11:14:23.540Z] [LRO Poller] Retrying task index 0
[debug] [2025-03-10T11:14:23.543Z] Checked if tokens are valid: true, expires at: 1741606983816
[debug] [2025-03-10T11:14:23.543Z] Checked if tokens are valid: true, expires at: 1741606983816
[debug] [2025-03-10T11:14:23.544Z] >>> [apiv2][query] GET https://sqladmin.googleapis.com/v1/projects/portfolio-3fd9d/operations/98eed5d9-cd59-4bd3-9312-40cf00000032 [none]
[debug] [2025-03-10T11:14:24.176Z] <<< [apiv2][status] GET https://sqladmin.googleapis.com/v1/projects/portfolio-3fd9d/operations/98eed5d9-cd59-4bd3-9312-40cf00000032 200
[debug] [2025-03-10T11:14:24.176Z] <<< [apiv2][body] GET https://sqladmin.googleapis.com/v1/projects/portfolio-3fd9d/operations/98eed5d9-cd59-4bd3-9312-40cf00000032 {"kind":"sql#operation","targetLink":"https://sqladmin.googleapis.com/v1/projects/portfolio-3fd9d/instances/portfolio-fdc","status":"RUNNING","user":"shidofuyukj@gmail.com","insertTime":"2025-03-10T11:12:15.136Z","startTime":"2025-03-10T11:12:15.296Z","operationType":"CREATE","name":"98eed5d9-cd59-4bd3-9312-40cf00000032","targetId":"portfolio-fdc","selfLink":"https://sqladmin.googleapis.com/v1/projects/portfolio-3fd9d/operations/98eed5d9-cd59-4bd3-9312-40cf00000032","targetProject":"portfolio-3fd9d"}
[debug] [2025-03-10T11:15:24.178Z] [LRO Poller] Retrying task index 0
[debug] [2025-03-10T11:15:24.184Z] Checked if tokens are valid: true, expires at: 1741606983816
[debug] [2025-03-10T11:15:24.184Z] Checked if tokens are valid: true, expires at: 1741606983816
[debug] [2025-03-10T11:15:24.184Z] >>> [apiv2][query] GET https://sqladmin.googleapis.com/v1/projects/portfolio-3fd9d/operations/98eed5d9-cd59-4bd3-9312-40cf00000032 [none]
[debug] [2025-03-10T11:15:24.829Z] <<< [apiv2][status] GET https://sqladmin.googleapis.com/v1/projects/portfolio-3fd9d/operations/98eed5d9-cd59-4bd3-9312-40cf00000032 200
[debug] [2025-03-10T11:15:24.830Z] <<< [apiv2][body] GET https://sqladmin.googleapis.com/v1/projects/portfolio-3fd9d/operations/98eed5d9-cd59-4bd3-9312-40cf00000032 {"kind":"sql#operation","targetLink":"https://sqladmin.googleapis.com/v1/projects/portfolio-3fd9d/instances/portfolio-fdc","status":"RUNNING","user":"shidofuyukj@gmail.com","insertTime":"2025-03-10T11:12:15.136Z","startTime":"2025-03-10T11:12:15.296Z","operationType":"CREATE","name":"98eed5d9-cd59-4bd3-9312-40cf00000032","targetId":"portfolio-fdc","selfLink":"https://sqladmin.googleapis.com/v1/projects/portfolio-3fd9d/operations/98eed5d9-cd59-4bd3-9312-40cf00000032","targetProject":"portfolio-3fd9d"}
[debug] [2025-03-10T11:16:24.832Z] [LRO Poller] Retrying task index 0
[debug] [2025-03-10T11:16:24.838Z] Checked if tokens are valid: true, expires at: 1741606983816
[debug] [2025-03-10T11:16:24.838Z] Checked if tokens are valid: true, expires at: 1741606983816
[debug] [2025-03-10T11:16:24.839Z] >>> [apiv2][query] GET https://sqladmin.googleapis.com/v1/projects/portfolio-3fd9d/operations/98eed5d9-cd59-4bd3-9312-40cf00000032 [none]
[debug] [2025-03-10T11:16:25.477Z] <<< [apiv2][status] GET https://sqladmin.googleapis.com/v1/projects/portfolio-3fd9d/operations/98eed5d9-cd59-4bd3-9312-40cf00000032 200
[debug] [2025-03-10T11:16:25.477Z] <<< [apiv2][body] GET https://sqladmin.googleapis.com/v1/projects/portfolio-3fd9d/operations/98eed5d9-cd59-4bd3-9312-40cf00000032 {"kind":"sql#operation","targetLink":"https://sqladmin.googleapis.com/v1/projects/portfolio-3fd9d/instances/portfolio-fdc","status":"RUNNING","user":"shidofuyukj@gmail.com","insertTime":"2025-03-10T11:12:15.136Z","startTime":"2025-03-10T11:12:15.296Z","operationType":"CREATE","name":"98eed5d9-cd59-4bd3-9312-40cf00000032","targetId":"portfolio-fdc","selfLink":"https://sqladmin.googleapis.com/v1/projects/portfolio-3fd9d/operations/98eed5d9-cd59-4bd3-9312-40cf00000032","targetProject":"portfolio-3fd9d"}
[debug] [2025-03-10T11:17:25.480Z] [LRO Poller] Retrying task index 0
[debug] [2025-03-10T11:17:25.482Z] Checked if tokens are valid: true, expires at: 1741606983816
[debug] [2025-03-10T11:17:25.482Z] Checked if tokens are valid: true, expires at: 1741606983816
[debug] [2025-03-10T11:17:25.482Z] >>> [apiv2][query] GET https://sqladmin.googleapis.com/v1/projects/portfolio-3fd9d/operations/98eed5d9-cd59-4bd3-9312-40cf00000032 [none]
[debug] [2025-03-10T11:17:26.226Z] <<< [apiv2][status] GET https://sqladmin.googleapis.com/v1/projects/portfolio-3fd9d/operations/98eed5d9-cd59-4bd3-9312-40cf00000032 200
[debug] [2025-03-10T11:17:26.226Z] <<< [apiv2][body] GET https://sqladmin.googleapis.com/v1/projects/portfolio-3fd9d/operations/98eed5d9-cd59-4bd3-9312-40cf00000032 {"kind":"sql#operation","targetLink":"https://sqladmin.googleapis.com/v1/projects/portfolio-3fd9d/instances/portfolio-fdc","status":"RUNNING","user":"shidofuyukj@gmail.com","insertTime":"2025-03-10T11:12:15.136Z","startTime":"2025-03-10T11:12:15.296Z","operationType":"CREATE","name":"98eed5d9-cd59-4bd3-9312-40cf00000032","targetId":"portfolio-fdc","selfLink":"https://sqladmin.googleapis.com/v1/projects/portfolio-3fd9d/operations/98eed5d9-cd59-4bd3-9312-40cf00000032","targetProject":"portfolio-3fd9d"}
[debug] [2025-03-10T11:18:26.227Z] [LRO Poller] Retrying task index 0
[debug] [2025-03-10T11:18:26.239Z] Checked if tokens are valid: true, expires at: 1741606983816
[debug] [2025-03-10T11:18:26.239Z] Checked if tokens are valid: true, expires at: 1741606983816
[debug] [2025-03-10T11:18:26.241Z] >>> [apiv2][query] GET https://sqladmin.googleapis.com/v1/projects/portfolio-3fd9d/operations/98eed5d9-cd59-4bd3-9312-40cf00000032 [none]
[debug] [2025-03-10T11:18:26.947Z] <<< [apiv2][status] GET https://sqladmin.googleapis.com/v1/projects/portfolio-3fd9d/operations/98eed5d9-cd59-4bd3-9312-40cf00000032 200
[debug] [2025-03-10T11:18:26.948Z] <<< [apiv2][body] GET https://sqladmin.googleapis.com/v1/projects/portfolio-3fd9d/operations/98eed5d9-cd59-4bd3-9312-40cf00000032 {"kind":"sql#operation","targetLink":"https://sqladmin.googleapis.com/v1/projects/portfolio-3fd9d/instances/portfolio-fdc","status":"RUNNING","user":"shidofuyukj@gmail.com","insertTime":"2025-03-10T11:12:15.136Z","startTime":"2025-03-10T11:12:15.296Z","operationType":"CREATE","name":"98eed5d9-cd59-4bd3-9312-40cf00000032","targetId":"portfolio-fdc","selfLink":"https://sqladmin.googleapis.com/v1/projects/portfolio-3fd9d/operations/98eed5d9-cd59-4bd3-9312-40cf00000032","targetProject":"portfolio-3fd9d"}
[debug] [2025-03-10T11:19:26.950Z] [LRO Poller] Retrying task index 0
[debug] [2025-03-10T11:19:26.957Z] Checked if tokens are valid: true, expires at: 1741606983816
[debug] [2025-03-10T11:19:26.957Z] Checked if tokens are valid: true, expires at: 1741606983816
[debug] [2025-03-10T11:19:26.958Z] >>> [apiv2][query] GET https://sqladmin.googleapis.com/v1/projects/portfolio-3fd9d/operations/98eed5d9-cd59-4bd3-9312-40cf00000032 [none]
[debug] [2025-03-10T11:19:27.606Z] <<< [apiv2][status] GET https://sqladmin.googleapis.com/v1/projects/portfolio-3fd9d/operations/98eed5d9-cd59-4bd3-9312-40cf00000032 200
[debug] [2025-03-10T11:19:27.606Z] <<< [apiv2][body] GET https://sqladmin.googleapis.com/v1/projects/portfolio-3fd9d/operations/98eed5d9-cd59-4bd3-9312-40cf00000032 {"kind":"sql#operation","targetLink":"https://sqladmin.googleapis.com/v1/projects/portfolio-3fd9d/instances/portfolio-fdc","status":"RUNNING","user":"shidofuyukj@gmail.com","insertTime":"2025-03-10T11:12:15.136Z","startTime":"2025-03-10T11:12:15.296Z","operationType":"CREATE","name":"98eed5d9-cd59-4bd3-9312-40cf00000032","targetId":"portfolio-fdc","selfLink":"https://sqladmin.googleapis.com/v1/projects/portfolio-3fd9d/operations/98eed5d9-cd59-4bd3-9312-40cf00000032","targetProject":"portfolio-3fd9d"}
[debug] [2025-03-10T11:20:27.609Z] [LRO Poller] Retrying task index 0
[debug] [2025-03-10T11:20:27.612Z] Checked if tokens are valid: true, expires at: 1741606983816
[debug] [2025-03-10T11:20:27.612Z] Checked if tokens are valid: true, expires at: 1741606983816
[debug] [2025-03-10T11:20:27.612Z] >>> [apiv2][query] GET https://sqladmin.googleapis.com/v1/projects/portfolio-3fd9d/operations/98eed5d9-cd59-4bd3-9312-40cf00000032 [none]
[debug] [2025-03-10T11:20:28.243Z] <<< [apiv2][status] GET https://sqladmin.googleapis.com/v1/projects/portfolio-3fd9d/operations/98eed5d9-cd59-4bd3-9312-40cf00000032 200
[debug] [2025-03-10T11:20:28.244Z] <<< [apiv2][body] GET https://sqladmin.googleapis.com/v1/projects/portfolio-3fd9d/operations/98eed5d9-cd59-4bd3-9312-40cf00000032 {"kind":"sql#operation","targetLink":"https://sqladmin.googleapis.com/v1/projects/portfolio-3fd9d/instances/portfolio-fdc","status":"RUNNING","user":"shidofuyukj@gmail.com","insertTime":"2025-03-10T11:12:15.136Z","startTime":"2025-03-10T11:12:15.296Z","operationType":"CREATE","name":"98eed5d9-cd59-4bd3-9312-40cf00000032","targetId":"portfolio-fdc","selfLink":"https://sqladmin.googleapis.com/v1/projects/portfolio-3fd9d/operations/98eed5d9-cd59-4bd3-9312-40cf00000032","targetProject":"portfolio-3fd9d"}
[debug] [2025-03-10T11:21:28.245Z] [LRO Poller] Retrying task index 0
[debug] [2025-03-10T11:21:28.247Z] Checked if tokens are valid: true, expires at: 1741606983816
[debug] [2025-03-10T11:21:28.247Z] Checked if tokens are valid: true, expires at: 1741606983816
[debug] [2025-03-10T11:21:28.247Z] >>> [apiv2][query] GET https://sqladmin.googleapis.com/v1/projects/portfolio-3fd9d/operations/98eed5d9-cd59-4bd3-9312-40cf00000032 [none]
[debug] [2025-03-10T11:21:28.893Z] <<< [apiv2][status] GET https://sqladmin.googleapis.com/v1/projects/portfolio-3fd9d/operations/98eed5d9-cd59-4bd3-9312-40cf00000032 200
[debug] [2025-03-10T11:21:28.893Z] <<< [apiv2][body] GET https://sqladmin.googleapis.com/v1/projects/portfolio-3fd9d/operations/98eed5d9-cd59-4bd3-9312-40cf00000032 {"kind":"sql#operation","targetLink":"https://sqladmin.googleapis.com/v1/projects/portfolio-3fd9d/instances/portfolio-fdc","status":"RUNNING","user":"shidofuyukj@gmail.com","insertTime":"2025-03-10T11:12:15.136Z","startTime":"2025-03-10T11:12:15.296Z","operationType":"CREATE","name":"98eed5d9-cd59-4bd3-9312-40cf00000032","targetId":"portfolio-fdc","selfLink":"https://sqladmin.googleapis.com/v1/projects/portfolio-3fd9d/operations/98eed5d9-cd59-4bd3-9312-40cf00000032","targetProject":"portfolio-3fd9d"}
[debug] [2025-03-10T11:22:28.897Z] [LRO Poller] Retrying task index 0
[debug] [2025-03-10T11:22:28.901Z] Checked if tokens are valid: true, expires at: 1741606983816
[debug] [2025-03-10T11:22:28.902Z] Checked if tokens are valid: true, expires at: 1741606983816
[debug] [2025-03-10T11:22:28.902Z] >>> [apiv2][query] GET https://sqladmin.googleapis.com/v1/projects/portfolio-3fd9d/operations/98eed5d9-cd59-4bd3-9312-40cf00000032 [none]
[debug] [2025-03-10T11:22:29.556Z] <<< [apiv2][status] GET https://sqladmin.googleapis.com/v1/projects/portfolio-3fd9d/operations/98eed5d9-cd59-4bd3-9312-40cf00000032 200
[debug] [2025-03-10T11:22:29.556Z] <<< [apiv2][body] GET https://sqladmin.googleapis.com/v1/projects/portfolio-3fd9d/operations/98eed5d9-cd59-4bd3-9312-40cf00000032 {"kind":"sql#operation","targetLink":"https://sqladmin.googleapis.com/v1/projects/portfolio-3fd9d/instances/portfolio-fdc","status":"RUNNING","user":"shidofuyukj@gmail.com","insertTime":"2025-03-10T11:12:15.136Z","startTime":"2025-03-10T11:12:15.296Z","operationType":"CREATE","name":"98eed5d9-cd59-4bd3-9312-40cf00000032","targetId":"portfolio-fdc","selfLink":"https://sqladmin.googleapis.com/v1/projects/portfolio-3fd9d/operations/98eed5d9-cd59-4bd3-9312-40cf00000032","targetProject":"portfolio-3fd9d"}
[debug] [2025-03-10T11:23:29.558Z] [LRO Poller] Retrying task index 0
[debug] [2025-03-10T11:23:29.559Z] Checked if tokens are valid: true, expires at: 1741606983816
[debug] [2025-03-10T11:23:29.560Z] Checked if tokens are valid: true, expires at: 1741606983816
[debug] [2025-03-10T11:23:29.560Z] >>> [apiv2][query] GET https://sqladmin.googleapis.com/v1/projects/portfolio-3fd9d/operations/98eed5d9-cd59-4bd3-9312-40cf00000032 [none]
[debug] [2025-03-10T11:23:30.256Z] <<< [apiv2][status] GET https://sqladmin.googleapis.com/v1/projects/portfolio-3fd9d/operations/98eed5d9-cd59-4bd3-9312-40cf00000032 200
[debug] [2025-03-10T11:23:30.256Z] <<< [apiv2][body] GET https://sqladmin.googleapis.com/v1/projects/portfolio-3fd9d/operations/98eed5d9-cd59-4bd3-9312-40cf00000032 {"kind":"sql#operation","targetLink":"https://sqladmin.googleapis.com/v1/projects/portfolio-3fd9d/instances/portfolio-fdc","status":"RUNNING","user":"shidofuyukj@gmail.com","insertTime":"2025-03-10T11:12:15.136Z","startTime":"2025-03-10T11:12:15.296Z","operationType":"CREATE","name":"98eed5d9-cd59-4bd3-9312-40cf00000032","targetId":"portfolio-fdc","selfLink":"https://sqladmin.googleapis.com/v1/projects/portfolio-3fd9d/operations/98eed5d9-cd59-4bd3-9312-40cf00000032","targetProject":"portfolio-3fd9d"}
[debug] [2025-03-10T11:24:30.258Z] [LRO Poller] Retrying task index 0
[debug] [2025-03-10T11:24:30.261Z] Checked if tokens are valid: true, expires at: 1741606983816
[debug] [2025-03-10T11:24:30.261Z] Checked if tokens are valid: true, expires at: 1741606983816
[debug] [2025-03-10T11:24:30.262Z] >>> [apiv2][query] GET https://sqladmin.googleapis.com/v1/projects/portfolio-3fd9d/operations/98eed5d9-cd59-4bd3-9312-40cf00000032 [none]
[debug] [2025-03-10T11:24:30.902Z] <<< [apiv2][status] GET https://sqladmin.googleapis.com/v1/projects/portfolio-3fd9d/operations/98eed5d9-cd59-4bd3-9312-40cf00000032 200
[debug] [2025-03-10T11:24:30.902Z] <<< [apiv2][body] GET https://sqladmin.googleapis.com/v1/projects/portfolio-3fd9d/operations/98eed5d9-cd59-4bd3-9312-40cf00000032 {"kind":"sql#operation","targetLink":"https://sqladmin.googleapis.com/v1/projects/portfolio-3fd9d/instances/portfolio-fdc","status":"DONE","user":"shidofuyukj@gmail.com","insertTime":"2025-03-10T11:12:15.136Z","startTime":"2025-03-10T11:12:15.296Z","endTime":"2025-03-10T11:24:10.520Z","operationType":"CREATE","name":"98eed5d9-cd59-4bd3-9312-40cf00000032","targetId":"portfolio-fdc","selfLink":"https://sqladmin.googleapis.com/v1/projects/portfolio-3fd9d/operations/98eed5d9-cd59-4bd3-9312-40cf00000032","targetProject":"portfolio-3fd9d"}
[info] i  dataconnect: Cloud SQL instance creation started - it should be ready shortly. Database and users will be created on your next deploy. 
[debug] [2025-03-10T11:24:30.904Z] [
  {
    "config": {
      "public": "public",
      "ignore": [
        "firebase.json",
        "**/.*",
        "**/node_modules/**"
      ],
      "rewrites": [
        {
          "source": "**",
          "destination": "/index.html"
        }
      ],
      "site": "portfolio-3fd9d"
    },
    "version": "projects/992795801018/sites/portfolio-3fd9d/versions/aaf9487b91d938f0"
  }
]
[info] i  hosting[portfolio-3fd9d]: finalizing version... 
[debug] [2025-03-10T11:24:30.907Z] Checked if tokens are valid: true, expires at: 1741606983816
[debug] [2025-03-10T11:24:30.907Z] Checked if tokens are valid: true, expires at: 1741606983816
[debug] [2025-03-10T11:24:30.907Z] >>> [apiv2][query] PATCH https://firebasehosting.googleapis.com/v1beta1/projects/-/sites/portfolio-3fd9d/versions/aaf9487b91d938f0 updateMask=status%2Cconfig
[debug] [2025-03-10T11:24:30.907Z] >>> [apiv2][body] PATCH https://firebasehosting.googleapis.com/v1beta1/projects/-/sites/portfolio-3fd9d/versions/aaf9487b91d938f0 {"status":"FINALIZED","config":{"rewrites":[{"glob":"**","path":"/index.html"}]}}
[debug] [2025-03-10T11:24:32.420Z] <<< [apiv2][status] PATCH https://firebasehosting.googleapis.com/v1beta1/projects/-/sites/portfolio-3fd9d/versions/aaf9487b91d938f0 200
[debug] [2025-03-10T11:24:32.420Z] <<< [apiv2][body] PATCH https://firebasehosting.googleapis.com/v1beta1/projects/-/sites/portfolio-3fd9d/versions/aaf9487b91d938f0 {"name":"projects/992795801018/sites/portfolio-3fd9d/versions/aaf9487b91d938f0","status":"FINALIZED","config":{"rewrites":[{"glob":"**","path":"/index.html"}]},"labels":{"deployment-tool":"cli-firebase"},"createTime":"2025-03-10T11:10:35.277236Z","createUser":{"email":"shidofuyukj@gmail.com"},"finalizeTime":"2025-03-10T11:24:32.248945Z","finalizeUser":{"email":"shidofuyukj@gmail.com"}}
[debug] [2025-03-10T11:24:32.420Z] [hosting] finalized version for portfolio-3fd9d:[object Object]
[info] ✔  hosting[portfolio-3fd9d]: version finalized 
[info] i  hosting[portfolio-3fd9d]: releasing new version... 
[debug] [2025-03-10T11:24:32.421Z] Checked if tokens are valid: true, expires at: 1741606983816
[debug] [2025-03-10T11:24:32.421Z] Checked if tokens are valid: true, expires at: 1741606983816
[debug] [2025-03-10T11:24:32.421Z] >>> [apiv2][query] POST https://firebasehosting.googleapis.com/v1beta1/projects/-/sites/portfolio-3fd9d/channels/live/releases versionName=projects%2F992795801018%2Fsites%2Fportfolio-3fd9d%2Fversions%2Faaf9487b91d938f0
[debug] [2025-03-10T11:24:32.421Z] >>> [apiv2][body] POST https://firebasehosting.googleapis.com/v1beta1/projects/-/sites/portfolio-3fd9d/channels/live/releases {}
[debug] [2025-03-10T11:24:33.209Z] <<< [apiv2][status] POST https://firebasehosting.googleapis.com/v1beta1/projects/-/sites/portfolio-3fd9d/channels/live/releases 200
[debug] [2025-03-10T11:24:33.209Z] <<< [apiv2][body] POST https://firebasehosting.googleapis.com/v1beta1/projects/-/sites/portfolio-3fd9d/channels/live/releases {"name":"projects/992795801018/sites/portfolio-3fd9d/channels/live/releases/1741605872476000","version":{"name":"projects/992795801018/sites/portfolio-3fd9d/versions/aaf9487b91d938f0","status":"FINALIZED","config":{"rewrites":[{"glob":"**","path":"/index.html"}]},"labels":{"deployment-tool":"cli-firebase"},"createTime":"2025-03-10T11:10:35.277236Z","createUser":{"email":"shidofuyukj@gmail.com","imageUrl":"https://lh3.googleusercontent.com/a/ACg8ocJwWyfZhhDjcT4pxdG1G4Ij7mZetO85O-qXs47wHxM8isicc78"},"finalizeTime":"2025-03-10T11:24:32.248945Z","finalizeUser":{"email":"shidofuyukj@gmail.com","imageUrl":"https://lh3.googleusercontent.com/a/ACg8ocJwWyfZhhDjcT4pxdG1G4Ij7mZetO85O-qXs47wHxM8isicc78"}},"type":"DEPLOY","releaseTime":"2025-03-10T11:24:32.476Z","releaseUser":{"email":"shidofuyukj@gmail.com","imageUrl":"https://lh3.googleusercontent.com/a/ACg8ocJwWyfZhhDjcT4pxdG1G4Ij7mZetO85O-qXs47wHxM8isicc78"}}
[debug] [2025-03-10T11:24:33.209Z] [hosting] release: {"name":"projects/992795801018/sites/portfolio-3fd9d/channels/live/releases/1741605872476000","version":{"name":"projects/992795801018/sites/portfolio-3fd9d/versions/aaf9487b91d938f0","status":"FINALIZED","config":{"rewrites":[{"glob":"**","path":"/index.html"}]},"labels":{"deployment-tool":"cli-firebase"},"createTime":"2025-03-10T11:10:35.277236Z","createUser":{"email":"shidofuyukj@gmail.com","imageUrl":"https://lh3.googleusercontent.com/a/ACg8ocJwWyfZhhDjcT4pxdG1G4Ij7mZetO85O-qXs47wHxM8isicc78"},"finalizeTime":"2025-03-10T11:24:32.248945Z","finalizeUser":{"email":"shidofuyukj@gmail.com","imageUrl":"https://lh3.googleusercontent.com/a/ACg8ocJwWyfZhhDjcT4pxdG1G4Ij7mZetO85O-qXs47wHxM8isicc78"}},"type":"DEPLOY","releaseTime":"2025-03-10T11:24:32.476Z","releaseUser":{"email":"shidofuyukj@gmail.com","imageUrl":"https://lh3.googleusercontent.com/a/ACg8ocJwWyfZhhDjcT4pxdG1G4Ij7mZetO85O-qXs47wHxM8isicc78"}}
[info] ✔  hosting[portfolio-3fd9d]: release complete 
[info] i  dataconnect: Deploying Data Connect schemas... 
[debug] [2025-03-10T11:24:33.211Z] Checked if tokens are valid: true, expires at: 1741606983816
[debug] [2025-03-10T11:24:33.211Z] Checked if tokens are valid: true, expires at: 1741606983816
[debug] [2025-03-10T11:24:33.211Z] >>> [apiv2][query] GET https://firebasedataconnect.googleapis.com/v1/projects/portfolio-3fd9d/locations/us-central1/services/portfolio/schemas/main [none]
[debug] [2025-03-10T11:24:34.412Z] <<< [apiv2][status] GET https://firebasedataconnect.googleapis.com/v1/projects/portfolio-3fd9d/locations/us-central1/services/portfolio/schemas/main 404
[debug] [2025-03-10T11:24:34.412Z] <<< [apiv2][body] GET https://firebasedataconnect.googleapis.com/v1/projects/portfolio-3fd9d/locations/us-central1/services/portfolio/schemas/main {"error":{"code":404,"message":"Resource 'projects/portfolio-3fd9d/locations/us-central1/services/portfolio/schemas/main' was not found","status":"NOT_FOUND","details":[{"@type":"type.googleapis.com/google.rpc.ResourceInfo","resourceName":"projects/portfolio-3fd9d/locations/us-central1/services/portfolio/schemas/main"}]}}
[info] i  dataconnect: Linking the Cloud SQL instance... 
[debug] [2025-03-10T11:24:34.414Z] Checked if tokens are valid: true, expires at: 1741606983816
[debug] [2025-03-10T11:24:34.414Z] Checked if tokens are valid: true, expires at: 1741606983816
[debug] [2025-03-10T11:24:34.414Z] >>> [apiv2][query] PATCH https://firebasedataconnect.googleapis.com/v1/projects/portfolio-3fd9d/locations/us-central1/services/portfolio/schemas/main allowMissing=true&validateOnly=false
[debug] [2025-03-10T11:24:34.415Z] >>> [apiv2][body] PATCH https://firebasedataconnect.googleapis.com/v1/projects/portfolio-3fd9d/locations/us-central1/services/portfolio/schemas/main {"name":"projects/portfolio-3fd9d/locations/us-central1/services/portfolio/schemas/main","source":{"files":[]},"datasources":[{"postgresql":{"database":"fdcdb","schemaValidation":"STRICT","cloudSql":{"instance":"projects/portfolio-3fd9d/locations/us-central1/instances/portfolio-fdc"}}}]}
[debug] [2025-03-10T11:24:35.909Z] <<< [apiv2][status] PATCH https://firebasedataconnect.googleapis.com/v1/projects/portfolio-3fd9d/locations/us-central1/services/portfolio/schemas/main 200
[debug] [2025-03-10T11:24:35.909Z] <<< [apiv2][body] PATCH https://firebasedataconnect.googleapis.com/v1/projects/portfolio-3fd9d/locations/us-central1/services/portfolio/schemas/main {"name":"projects/portfolio-3fd9d/locations/us-central1/operations/operation-1741605874624-62ffb377ee618-532d2578-7ff6f2df","metadata":{"@type":"type.googleapis.com/google.firebase.dataconnect.v1.OperationMetadata","createTime":"2025-03-10T11:24:35.855671384Z","target":"projects/portfolio-3fd9d/locations/us-central1/services/portfolio/schemas/main","verb":"update","requestedCancellation":false,"apiVersion":"v1"},"done":false}
[debug] [2025-03-10T11:24:35.909Z] Checked if tokens are valid: true, expires at: 1741606983816
[debug] [2025-03-10T11:24:35.909Z] Checked if tokens are valid: true, expires at: 1741606983816
[debug] [2025-03-10T11:24:35.909Z] >>> [apiv2][query] GET https://firebasedataconnect.googleapis.com/v1/projects/portfolio-3fd9d/locations/us-central1/operations/operation-1741605874624-62ffb377ee618-532d2578-7ff6f2df [none]
[debug] [2025-03-10T11:24:36.204Z] <<< [apiv2][status] GET https://firebasedataconnect.googleapis.com/v1/projects/portfolio-3fd9d/locations/us-central1/operations/operation-1741605874624-62ffb377ee618-532d2578-7ff6f2df 200
[debug] [2025-03-10T11:24:36.204Z] <<< [apiv2][body] GET https://firebasedataconnect.googleapis.com/v1/projects/portfolio-3fd9d/locations/us-central1/operations/operation-1741605874624-62ffb377ee618-532d2578-7ff6f2df {"name":"projects/portfolio-3fd9d/locations/us-central1/operations/operation-1741605874624-62ffb377ee618-532d2578-7ff6f2df","metadata":{"@type":"type.googleapis.com/google.firebase.dataconnect.v1.OperationMetadata","createTime":"2025-03-10T11:24:35.855671384Z","target":"projects/portfolio-3fd9d/locations/us-central1/services/portfolio/schemas/main","verb":"update","requestedCancellation":false,"apiVersion":"v1"},"done":false}
[debug] [2025-03-10T11:24:36.706Z] [LRO Poller] Retrying task index 0
[debug] [2025-03-10T11:24:36.706Z] Checked if tokens are valid: true, expires at: 1741606983816
[debug] [2025-03-10T11:24:36.707Z] Checked if tokens are valid: true, expires at: 1741606983816
[debug] [2025-03-10T11:24:36.707Z] >>> [apiv2][query] GET https://firebasedataconnect.googleapis.com/v1/projects/portfolio-3fd9d/locations/us-central1/operations/operation-1741605874624-62ffb377ee618-532d2578-7ff6f2df [none]
[debug] [2025-03-10T11:24:36.954Z] <<< [apiv2][status] GET https://firebasedataconnect.googleapis.com/v1/projects/portfolio-3fd9d/locations/us-central1/operations/operation-1741605874624-62ffb377ee618-532d2578-7ff6f2df 200
[debug] [2025-03-10T11:24:36.954Z] <<< [apiv2][body] GET https://firebasedataconnect.googleapis.com/v1/projects/portfolio-3fd9d/locations/us-central1/operations/operation-1741605874624-62ffb377ee618-532d2578-7ff6f2df {"name":"projects/portfolio-3fd9d/locations/us-central1/operations/operation-1741605874624-62ffb377ee618-532d2578-7ff6f2df","metadata":{"@type":"type.googleapis.com/google.firebase.dataconnect.v1.OperationMetadata","createTime":"2025-03-10T11:24:35.855671384Z","target":"projects/portfolio-3fd9d/locations/us-central1/services/portfolio/schemas/main","verb":"update","requestedCancellation":false,"apiVersion":"v1"},"done":false}
